  [1m[35m (586.8ms)[0m  [1m[35mCREATE DATABASE "routes_controllers_development" ENCODING = 'unicode'[0m
  [1m[35m (338.0ms)[0m  [1m[35mCREATE DATABASE "routes_controllers_test" ENCODING = 'unicode'[0m
Started GET "/" for ::1 at 2022-12-14 14:43:53 -0500
Processing by Rails::WelcomeController#index as HTML
  Rendering /home/kliu33/.rbenv/versions/3.1.1/lib/ruby/gems/3.1.0/gems/railties-7.0.4/lib/rails/templates/rails/welcome/index.html.erb
  Rendered /home/kliu33/.rbenv/versions/3.1.1/lib/ruby/gems/3.1.0/gems/railties-7.0.4/lib/rails/templates/rails/welcome/index.html.erb (Duration: 36.7ms | Allocations: 527)
Completed 200 OK in 268ms (Views: 153.8ms | ActiveRecord: 0.0ms | Allocations: 2796)


Started GET "/users" for ::1 at 2022-12-14 14:45:51 -0500

AbstractController::ActionNotFound - The action 'index' could not be found for UsersController:

Started GET "/users" for ::1 at 2022-12-14 14:47:54 -0500
Processing by UsersController#index as */*
No template found for UsersController#index, rendering head :no_content
Completed 204 No Content in 35ms (ActiveRecord: 0.0ms | Allocations: 664)


Started GET "/users" for ::1 at 2022-12-14 14:48:54 -0500
Processing by UsersController#index as */*
  Rendering text template
  Rendered text template (Duration: 0.1ms | Allocations: 13)
Completed 200 OK in 102ms (Views: 101.4ms | ActiveRecord: 0.0ms | Allocations: 1392)


  [1m[35m (28.8ms)[0m  [1m[35mCREATE TABLE "schema_migrations" ("version" character varying NOT NULL PRIMARY KEY)[0m
  [1m[35m (26.9ms)[0m  [1m[35mCREATE TABLE "ar_internal_metadata" ("key" character varying NOT NULL PRIMARY KEY, "value" character varying, "created_at" timestamp(6) NOT NULL, "updated_at" timestamp(6) NOT NULL)[0m
  [1m[35m (0.5ms)[0m  [1m[34mSELECT pg_try_advisory_lock(642293562874849410)[0m
  [1m[36mActiveRecord::SchemaMigration Pluck (1.0ms)[0m  [1m[34mSELECT "schema_migrations"."version" FROM "schema_migrations" ORDER BY "schema_migrations"."version" ASC[0m
Migrating to CreateUsers (20221214195216)
  [1m[36mTRANSACTION (0.4ms)[0m  [1m[35mBEGIN[0m
  [1m[35m (16.0ms)[0m  [1m[35mCREATE TABLE "users" ("id" bigserial primary key, "name" character varying NOT NULL, "email" character varying NOT NULL, "created_at" timestamp(6) NOT NULL, "updated_at" timestamp(6) NOT NULL)[0m
  [1m[36mActiveRecord::SchemaMigration Create (1.7ms)[0m  [1m[32mINSERT INTO "schema_migrations" ("version") VALUES ($1) RETURNING "version"[0m  [["version", "20221214195216"]]
  [1m[36mTRANSACTION (8.6ms)[0m  [1m[35mCOMMIT[0m
  [1m[36mActiveRecord::InternalMetadata Load (0.8ms)[0m  [1m[34mSELECT "ar_internal_metadata".* FROM "ar_internal_metadata" WHERE "ar_internal_metadata"."key" = $1 LIMIT $2[0m  [["key", "environment"], ["LIMIT", 1]]
  [1m[36mTRANSACTION (0.4ms)[0m  [1m[35mBEGIN[0m
  [1m[36mActiveRecord::InternalMetadata Create (3.2ms)[0m  [1m[32mINSERT INTO "ar_internal_metadata" ("key", "value", "created_at", "updated_at") VALUES ($1, $2, $3, $4) RETURNING "key"[0m  [["key", "environment"], ["value", "development"], ["created_at", "2022-12-14 19:54:23.408499"], ["updated_at", "2022-12-14 19:54:23.408499"]]
  [1m[36mTRANSACTION (4.1ms)[0m  [1m[35mCOMMIT[0m
  [1m[35m (1.8ms)[0m  [1m[34mSELECT pg_advisory_unlock(642293562874849410)[0m
  [1m[36mActiveRecord::SchemaMigration Pluck (4.9ms)[0m  [1m[34mSELECT "schema_migrations"."version" FROM "schema_migrations" ORDER BY "schema_migrations"."version" ASC[0m
  [1m[36mTRANSACTION (0.3ms)[0m  [1m[35mBEGIN[0m
  [1m[36mUser Create (1.4ms)[0m  [1m[32mINSERT INTO "users" ("name", "email", "created_at", "updated_at") VALUES ($1, $2, $3, $4) RETURNING "id"[0m  [["name", "Kevin"], ["email", "kliu33@buffalo.edu"], ["created_at", "2022-12-14 20:00:50.991793"], ["updated_at", "2022-12-14 20:00:50.991793"]]
  [1m[36mTRANSACTION (3.5ms)[0m  [1m[35mCOMMIT[0m
  [1m[36mTRANSACTION (0.3ms)[0m  [1m[35mBEGIN[0m
  [1m[36mUser Create (1.3ms)[0m  [1m[32mINSERT INTO "users" ("name", "email", "created_at", "updated_at") VALUES ($1, $2, $3, $4) RETURNING "id"[0m  [["name", "Zaho"], ["email", "zahi.ahmed33@gmail.com"], ["created_at", "2022-12-14 20:01:36.340788"], ["updated_at", "2022-12-14 20:01:36.340788"]]
  [1m[36mTRANSACTION (3.7ms)[0m  [1m[35mCOMMIT[0m
  [1m[36mUser Load (0.8ms)[0m  [1m[34mSELECT "users".* FROM "users"[0m
Started GET "/users" for ::1 at 2022-12-14 15:03:22 -0500
  [1m[36mActiveRecord::SchemaMigration Pluck (1.1ms)[0m  [1m[34mSELECT "schema_migrations"."version" FROM "schema_migrations" ORDER BY "schema_migrations"."version" ASC[0m
Processing by UsersController#index as */*
  [1m[36mUser Load (0.9ms)[0m  [1m[34mSELECT "users".* FROM "users"[0m
  ↳ app/controllers/users_controller.rb:5:in `index'
Completed 200 OK in 163ms (Views: 50.5ms | ActiveRecord: 10.8ms | Allocations: 6269)


Started POST "/users/users[name]='asda'/users[email]='asda@asda.com'" for ::1 at 2022-12-14 15:09:38 -0500
  [1m[36mActiveRecord::SchemaMigration Pluck (1.9ms)[0m  [1m[34mSELECT "schema_migrations"."version" FROM "schema_migrations" ORDER BY "schema_migrations"."version" ASC[0m
  
ActionController::RoutingError (No route matches [POST] "/users/users[name]='asda'/users[email]='asda@asda.com'"):
  
Started POST "/users/users[name]='asda',users[email]='asda@asda.com'" for ::1 at 2022-12-14 15:10:36 -0500
  
ActionController::RoutingError (No route matches [POST] "/users/users[name]='asda',users[email]='asda@asda.com'"):
  
Started POST "/users/users[name]='asda'users[email]='asda@asda.com'" for ::1 at 2022-12-14 15:10:53 -0500
  
ActionController::RoutingError (No route matches [POST] "/users/users[name]='asda'users[email]='asda@asda.com'"):
  
Started POST "/users?name=Rex&email=Rex@rex.rex" for ::1 at 2022-12-14 15:11:35 -0500
Processing by UsersController#create as */*
  Parameters: {"name"=>"Rex", "email"=>"Rex@rex.rex"}
Completed 400 Bad Request in 100ms (ActiveRecord: 0.0ms | Allocations: 1312)



ActionController::ParameterMissing - param is missing or the value is empty: user:
  app/controllers/users_controller.rb:16:in `user_params'
  app/controllers/users_controller.rb:9:in `create'

Started POST "/users?users[name]=Rex&users[email]=Rex@rex.rex" for ::1 at 2022-12-14 15:11:55 -0500
Processing by UsersController#create as */*
  Parameters: {"users"=>{"name"=>"Rex", "email"=>"Rex@rex.rex"}}
Completed 400 Bad Request in 1ms (ActiveRecord: 0.0ms | Allocations: 622)



ActionController::ParameterMissing - param is missing or the value is empty: user
Did you mean?  users:
  app/controllers/users_controller.rb:16:in `user_params'
  app/controllers/users_controller.rb:9:in `create'

Started POST "/user?users[name]=Rex&users[email]=Rex@rex.rex" for ::1 at 2022-12-14 15:12:07 -0500
  
ActionController::RoutingError (No route matches [POST] "/user"):
  
Started POST "/users?user[name]=Rex&user[email]=Rex@rex.rex" for ::1 at 2022-12-14 15:12:20 -0500
Processing by UsersController#create as */*
  Parameters: {"user"=>{"name"=>"Rex", "email"=>"Rex@rex.rex"}}
  [1m[36mTRANSACTION (1.5ms)[0m  [1m[35mBEGIN[0m
  ↳ app/controllers/users_controller.rb:10:in `create'
  [1m[36mUser Create (2.9ms)[0m  [1m[32mINSERT INTO "users" ("name", "email", "created_at", "updated_at") VALUES ($1, $2, $3, $4) RETURNING "id"[0m  [["name", "Rex"], ["email", "Rex@rex.rex"], ["created_at", "2022-12-14 20:12:20.201417"], ["updated_at", "2022-12-14 20:12:20.201417"]]
  ↳ app/controllers/users_controller.rb:10:in `create'
  [1m[36mTRANSACTION (5.5ms)[0m  [1m[35mCOMMIT[0m
  ↳ app/controllers/users_controller.rb:10:in `create'
Completed 200 OK in 109ms (Views: 1.2ms | ActiveRecord: 19.4ms | Allocations: 8127)


  [1m[36mUser Load (3.0ms)[0m  [1m[34mSELECT "users".* FROM "users"[0m
Started POST "/users?user[name]=Rex" for ::1 at 2022-12-14 15:13:55 -0500
  [1m[36mActiveRecord::SchemaMigration Pluck (1.0ms)[0m  [1m[34mSELECT "schema_migrations"."version" FROM "schema_migrations" ORDER BY "schema_migrations"."version" ASC[0m
Processing by UsersController#create as */*
  Parameters: {"user"=>{"name"=>"Rex"}}
Completed 422 Unprocessable Entity in 287ms (ActiveRecord: 13.8ms | Allocations: 8303)



ActiveRecord::RecordInvalid - Validation failed: Email can't be blank:
  app/controllers/users_controller.rb:10:in `create'

Started POST "/users?user[name]=Rex&user[email]=Rex@rex.rex" for ::1 at 2022-12-14 15:17:05 -0500
  [1m[36mActiveRecord::SchemaMigration Pluck (1.0ms)[0m  [1m[34mSELECT "schema_migrations"."version" FROM "schema_migrations" ORDER BY "schema_migrations"."version" ASC[0m
Processing by UsersController#create as */*
  Parameters: {"user"=>{"name"=>"Rex", "email"=>"Rex@rex.rex"}}
  [1m[36mTRANSACTION (1.3ms)[0m  [1m[35mBEGIN[0m
  ↳ app/controllers/users_controller.rb:11:in `create'
  [1m[36mUser Create (1.7ms)[0m  [1m[32mINSERT INTO "users" ("name", "email", "created_at", "updated_at") VALUES ($1, $2, $3, $4) RETURNING "id"[0m  [["name", "Rex"], ["email", "Rex@rex.rex"], ["created_at", "2022-12-14 20:17:08.116753"], ["updated_at", "2022-12-14 20:17:08.116753"]]
  ↳ app/controllers/users_controller.rb:11:in `create'
  [1m[36mTRANSACTION (7.1ms)[0m  [1m[35mCOMMIT[0m
  ↳ app/controllers/users_controller.rb:11:in `create'
Completed 500 Internal Server Error in 274ms (ActiveRecord: 37.0ms | Allocations: 11618)



NameError - undefined local variable or method `user' for #<UsersController:0x00000000004470>
            redirect_to user_url(user)
                                 ^^^^
Did you mean?  @user:
  app/controllers/users_controller.rb:12:in `create'

Started POST "/users?user[name]=Rex&user[email]=Rex@rex.rex" for ::1 at 2022-12-14 15:17:34 -0500
  [1m[36mActiveRecord::SchemaMigration Pluck (1.0ms)[0m  [1m[34mSELECT "schema_migrations"."version" FROM "schema_migrations" ORDER BY "schema_migrations"."version" ASC[0m
Processing by UsersController#create as */*
  Parameters: {"user"=>{"name"=>"Rex", "email"=>"Rex@rex.rex"}}
  [1m[36mTRANSACTION (0.4ms)[0m  [1m[35mBEGIN[0m
  ↳ app/controllers/users_controller.rb:11:in `create'
  [1m[36mUser Create (7.2ms)[0m  [1m[32mINSERT INTO "users" ("name", "email", "created_at", "updated_at") VALUES ($1, $2, $3, $4) RETURNING "id"[0m  [["name", "Rex"], ["email", "Rex@rex.rex"], ["created_at", "2022-12-14 20:17:36.488890"], ["updated_at", "2022-12-14 20:17:36.488890"]]
  ↳ app/controllers/users_controller.rb:11:in `create'
  [1m[36mTRANSACTION (9.2ms)[0m  [1m[35mCOMMIT[0m
  ↳ app/controllers/users_controller.rb:11:in `create'
Redirected to http://localhost:3000/users/5
Completed 302 Found in 208ms (ActiveRecord: 23.9ms | Allocations: 8755)


Started POST "/users/5" for ::1 at 2022-12-14 15:17:36 -0500
  
ActionController::RoutingError (No route matches [POST] "/users/5"):
  
  [1m[36mUser Load (2.4ms)[0m  [1m[34mSELECT "users".* FROM "users"[0m
Started POST "/users?user[name]=Rex" for ::1 at 2022-12-14 15:20:24 -0500
  [1m[36mActiveRecord::SchemaMigration Pluck (1.0ms)[0m  [1m[34mSELECT "schema_migrations"."version" FROM "schema_migrations" ORDER BY "schema_migrations"."version" ASC[0m
Processing by UsersController#create as */*
  Parameters: {"user"=>{"name"=>"Rex"}}
Completed 500 Internal Server Error in 189ms (ActiveRecord: 7.8ms | Allocations: 10573)



NoMethodError - undefined method `error' for #<User id: nil, name: "Rex", email: nil, created_at: nil, updated_at: nil>
Did you mean?  errors:
  app/controllers/users_controller.rb:14:in `create'

Started POST "/users?user[name]=Rex" for ::1 at 2022-12-14 15:20:56 -0500
  [1m[36mActiveRecord::SchemaMigration Pluck (1.4ms)[0m  [1m[34mSELECT "schema_migrations"."version" FROM "schema_migrations" ORDER BY "schema_migrations"."version" ASC[0m
Processing by UsersController#create as */*
  Parameters: {"user"=>{"name"=>"Rex"}}
Completed 422 Unprocessable Entity in 187ms (Views: 0.4ms | ActiveRecord: 8.9ms | Allocations: 8471)


Started POST "/users?user[name]=Rex&user[email]=Rex@rex.rex" for ::1 at 2022-12-14 15:21:17 -0500
Processing by UsersController#create as */*
  Parameters: {"user"=>{"name"=>"Rex", "email"=>"Rex@rex.rex"}}
  [1m[36mTRANSACTION (0.4ms)[0m  [1m[35mBEGIN[0m
  ↳ app/controllers/users_controller.rb:11:in `create'
  [1m[36mUser Create (4.8ms)[0m  [1m[32mINSERT INTO "users" ("name", "email", "created_at", "updated_at") VALUES ($1, $2, $3, $4) RETURNING "id"[0m  [["name", "Rex"], ["email", "Rex@rex.rex"], ["created_at", "2022-12-14 20:21:17.688286"], ["updated_at", "2022-12-14 20:21:17.688286"]]
  ↳ app/controllers/users_controller.rb:11:in `create'
  [1m[36mTRANSACTION (6.6ms)[0m  [1m[35mCOMMIT[0m
  ↳ app/controllers/users_controller.rb:11:in `create'
Redirected to http://localhost:3000/users/6
Completed 302 Found in 40ms (ActiveRecord: 11.8ms | Allocations: 3660)


Started POST "/users/6" for ::1 at 2022-12-14 15:21:17 -0500
  
ActionController::RoutingError (No route matches [POST] "/users/6"):
  
Started GET "/users" for ::1 at 2022-12-14 15:21:45 -0500
Processing by UsersController#index as */*
  [1m[36mUser Load (0.7ms)[0m  [1m[34mSELECT "users".* FROM "users"[0m
  ↳ app/controllers/users_controller.rb:5:in `index'
Completed 200 OK in 13ms (Views: 11.4ms | ActiveRecord: 0.7ms | Allocations: 1617)


Started DELETE "/users?user[id]=4" for ::1 at 2022-12-14 15:25:11 -0500
  [1m[36mActiveRecord::SchemaMigration Pluck (1.0ms)[0m  [1m[34mSELECT "schema_migrations"."version" FROM "schema_migrations" ORDER BY "schema_migrations"."version" ASC[0m
  
ActionController::RoutingError (No route matches [DELETE] "/users"):
  
Started GET "/users" for ::1 at 2022-12-14 15:25:28 -0500
Processing by UsersController#index as */*
  [1m[36mUser Load (0.8ms)[0m  [1m[34mSELECT "users".* FROM "users"[0m
  ↳ app/controllers/users_controller.rb:5:in `index'
Completed 200 OK in 147ms (Views: 46.1ms | ActiveRecord: 15.5ms | Allocations: 6634)


Started GET "/users" for ::1 at 2022-12-14 15:25:46 -0500
Processing by UsersController#index as */*
  [1m[36mUser Load (0.7ms)[0m  [1m[34mSELECT "users".* FROM "users"[0m
  ↳ app/controllers/users_controller.rb:5:in `index'
Completed 200 OK in 7ms (Views: 6.0ms | ActiveRecord: 0.7ms | Allocations: 1331)


Started DELETE "/users?user[id]=4" for ::1 at 2022-12-14 15:26:13 -0500
  
ActionController::RoutingError (No route matches [DELETE] "/users"):
  
Started GET "/users" for ::1 at 2022-12-14 15:26:21 -0500
Processing by UsersController#index as */*
  [1m[36mUser Load (0.6ms)[0m  [1m[34mSELECT "users".* FROM "users"[0m
  ↳ app/controllers/users_controller.rb:5:in `index'
Completed 200 OK in 7ms (Views: 5.6ms | ActiveRecord: 0.6ms | Allocations: 1231)


Started DELETE "/users?user[id]=4" for ::1 at 2022-12-14 15:28:06 -0500
  [1m[36mActiveRecord::SchemaMigration Pluck (1.0ms)[0m  [1m[34mSELECT "schema_migrations"."version" FROM "schema_migrations" ORDER BY "schema_migrations"."version" ASC[0m
  
ActionController::RoutingError (No route matches [DELETE] "/users"):
  
Started DELETE "/user?user[id]=4" for ::1 at 2022-12-14 15:29:33 -0500
  [1m[36mActiveRecord::SchemaMigration Pluck (1.1ms)[0m  [1m[34mSELECT "schema_migrations"."version" FROM "schema_migrations" ORDER BY "schema_migrations"."version" ASC[0m
  
ActionController::RoutingError (No route matches [DELETE] "/user"):
  
Started DELETE "/users?user[id]=4" for ::1 at 2022-12-14 15:32:37 -0500
  [1m[36mActiveRecord::SchemaMigration Pluck (1.3ms)[0m  [1m[34mSELECT "schema_migrations"."version" FROM "schema_migrations" ORDER BY "schema_migrations"."version" ASC[0m
  
ActionController::RoutingError (No route matches [DELETE] "/users"):
  
Started DELETE "/users?user[id]=4" for ::1 at 2022-12-14 15:33:24 -0500

ArgumentError - Invalid route name, already in use: 'user' 
You may have defined two routes with the same name using the `:as` option, or you may be overriding a route already defined by a resource with the same naming. For the latter, you can restrict the routes created with `resources` as explained here: 
https://guides.rubyonrails.org/routing.html#restricting-the-routes-created:
  config/routes.rb:14:in `block in <top (required)>'
  config/routes.rb:1:in `<top (required)>'

Started DELETE "/user?user[id]=4" for ::1 at 2022-12-14 15:34:03 -0500
  
ActionController::RoutingError (No route matches [DELETE] "/user"):
  
Started DELETE "/user/:id?user[id]=4" for ::1 at 2022-12-14 15:34:17 -0500
  
ActionController::RoutingError (No route matches [DELETE] "/user/:id"):
  
Started DELETE "/users/:id?user[id]=4" for ::1 at 2022-12-14 15:34:35 -0500
Processing by UsersController#destroy as */*
  Parameters: {"user"=>{"id"=>"4"}, "id"=>":id"}
Completed 500 Internal Server Error in 94ms (ActiveRecord: 0.0ms | Allocations: 3074)



NoMethodError - undefined method `include?' for :id:Symbol
        elsif statement.include?("?")
                       ^^^^^^^^^:
  app/controllers/users_controller.rb:19:in `destroy'

Started DELETE "/users/:id?user[id]=4" for ::1 at 2022-12-14 15:35:40 -0500
  [1m[36mActiveRecord::SchemaMigration Pluck (1.1ms)[0m  [1m[34mSELECT "schema_migrations"."version" FROM "schema_migrations" ORDER BY "schema_migrations"."version" ASC[0m
Processing by UsersController#destroy as */*
  Parameters: {"user"=>{"id"=>"4"}, "id"=>":id"}
  [1m[36mUser Load (34.4ms)[0m  [1m[34mSELECT "users".* FROM "users" WHERE (:id) LIMIT $1[0m  [["LIMIT", 1]]
  ↳ app/controllers/users_controller.rb:19:in `destroy'
Completed 500 Internal Server Error in 156ms (ActiveRecord: 34.4ms | Allocations: 3933)



ActiveRecord::StatementInvalid - PG::SyntaxError: ERROR:  syntax error at or near ":"
LINE 1: SELECT "users".* FROM "users" WHERE (:id) LIMIT $1
                                             ^:
  app/controllers/users_controller.rb:19:in `destroy'

Started DELETE "/users/:id?user[id]=4" for ::1 at 2022-12-14 15:36:23 -0500
  [1m[36mActiveRecord::SchemaMigration Pluck (1.2ms)[0m  [1m[34mSELECT "schema_migrations"."version" FROM "schema_migrations" ORDER BY "schema_migrations"."version" ASC[0m
Processing by UsersController#destroy as */*
  Parameters: {"user"=>{"id"=>"4"}, "id"=>":id"}
Completed 500 Internal Server Error in 121ms (ActiveRecord: 0.0ms | Allocations: 3912)



NameError - undefined local variable or method `id' for #<UsersController:0x000000000042b8>
        @user = User.find_by(params[id])
                                    ^^:
  app/controllers/users_controller.rb:19:in `destroy'

Started DELETE "/users/:id?user[id]=4" for ::1 at 2022-12-14 15:36:55 -0500
  [1m[36mActiveRecord::SchemaMigration Pluck (1.1ms)[0m  [1m[34mSELECT "schema_migrations"."version" FROM "schema_migrations" ORDER BY "schema_migrations"."version" ASC[0m
Processing by UsersController#destroy as */*
  Parameters: {"user"=>{"id"=>"4"}, "id"=>":id"}
[31mUnpermitted parameter: :id. Context: { controller: UsersController, action: destroy, request: #<ActionDispatch::Request:0x00007f37a5758e90>, params: {"user"=>{"id"=>"4"}, "controller"=>"users", "action"=>"destroy", "id"=>":id"} }[0m
  [1m[36mUser Load (0.7ms)[0m  [1m[34mSELECT "users".* FROM "users" LIMIT $1[0m  [["LIMIT", 1]]
  ↳ app/controllers/users_controller.rb:19:in `destroy'
  [1m[36mTRANSACTION (0.4ms)[0m  [1m[35mBEGIN[0m
  ↳ app/controllers/users_controller.rb:20:in `destroy'
  [1m[36mUser Destroy (5.2ms)[0m  [1m[31mDELETE FROM "users" WHERE "users"."id" = $1[0m  [["id", 1]]
  ↳ app/controllers/users_controller.rb:20:in `destroy'
  [1m[36mTRANSACTION (5.4ms)[0m  [1m[35mCOMMIT[0m
  ↳ app/controllers/users_controller.rb:20:in `destroy'
Redirected to http://localhost:3000/users/1
Completed 302 Found in 248ms (ActiveRecord: 21.2ms | Allocations: 9985)


Started DELETE "/users/1" for ::1 at 2022-12-14 15:36:58 -0500
Processing by UsersController#destroy as */*
  Parameters: {"id"=>"1"}
Completed 400 Bad Request in 1ms (ActiveRecord: 0.0ms | Allocations: 670)



ActionController::ParameterMissing - param is missing or the value is empty: user:
  app/controllers/users_controller.rb:27:in `user_params'
  app/controllers/users_controller.rb:19:in `destroy'

Started GET "/users" for ::1 at 2022-12-14 15:37:18 -0500
Processing by UsersController#index as */*
  [1m[36mUser Load (0.6ms)[0m  [1m[34mSELECT "users".* FROM "users"[0m
  ↳ app/controllers/users_controller.rb:5:in `index'
Completed 200 OK in 7ms (Views: 6.0ms | ActiveRecord: 0.6ms | Allocations: 1565)


Started GET "/users/:id?user[id]=4" for ::1 at 2022-12-14 15:38:57 -0500

AbstractController::ActionNotFound - The action 'show' could not be found for UsersController:

Started GET "/users/:id?user[id]=4" for ::1 at 2022-12-14 15:39:04 -0500

AbstractController::ActionNotFound - The action 'show' could not be found for UsersController:

Started DELETE "/users/:id?user[id]=4" for ::1 at 2022-12-14 15:39:17 -0500
Processing by UsersController#destroy as */*
  Parameters: {"user"=>{"id"=>"4"}, "id"=>":id"}
[31mUnpermitted parameter: :id. Context: { controller: UsersController, action: destroy, request: #<ActionDispatch::Request:0x00007f37a62a7328>, params: {"user"=>{"id"=>"4"}, "controller"=>"users", "action"=>"destroy", "id"=>":id"} }[0m
  [1m[36mUser Load (1.2ms)[0m  [1m[34mSELECT "users".* FROM "users" LIMIT $1[0m  [["LIMIT", 1]]
  ↳ app/controllers/users_controller.rb:19:in `destroy'
  [1m[36mTRANSACTION (0.4ms)[0m  [1m[35mBEGIN[0m
  ↳ app/controllers/users_controller.rb:20:in `destroy'
  [1m[36mUser Destroy (0.7ms)[0m  [1m[31mDELETE FROM "users" WHERE "users"."id" = $1[0m  [["id", 2]]
  ↳ app/controllers/users_controller.rb:20:in `destroy'
  [1m[36mTRANSACTION (6.4ms)[0m  [1m[35mCOMMIT[0m
  ↳ app/controllers/users_controller.rb:20:in `destroy'
Redirected to http://localhost:3000/users/2
Completed 302 Found in 27ms (ActiveRecord: 8.6ms | Allocations: 2427)


Started DELETE "/users/2" for ::1 at 2022-12-14 15:39:17 -0500
Processing by UsersController#destroy as */*
  Parameters: {"id"=>"2"}
Completed 400 Bad Request in 1ms (ActiveRecord: 0.0ms | Allocations: 605)



ActionController::ParameterMissing - param is missing or the value is empty: user:
  app/controllers/users_controller.rb:27:in `user_params'
  app/controllers/users_controller.rb:19:in `destroy'

Started DELETE "/users/:id?user[id]=4" for ::1 at 2022-12-14 15:39:31 -0500
Processing by UsersController#destroy as */*
  Parameters: {"user"=>{"id"=>"4"}, "id"=>":id"}
[31mUnpermitted parameter: :id. Context: { controller: UsersController, action: destroy, request: #<ActionDispatch::Request:0x00007f37a57b9e98>, params: {"user"=>{"id"=>"4"}, "controller"=>"users", "action"=>"destroy", "id"=>":id"} }[0m
  [1m[36mUser Load (0.7ms)[0m  [1m[34mSELECT "users".* FROM "users" LIMIT $1[0m  [["LIMIT", 1]]
  ↳ app/controllers/users_controller.rb:19:in `destroy'
  [1m[36mTRANSACTION (0.3ms)[0m  [1m[35mBEGIN[0m
  ↳ app/controllers/users_controller.rb:20:in `destroy'
  [1m[36mUser Destroy (1.7ms)[0m  [1m[31mDELETE FROM "users" WHERE "users"."id" = $1[0m  [["id", 3]]
  ↳ app/controllers/users_controller.rb:20:in `destroy'
  [1m[36mTRANSACTION (5.5ms)[0m  [1m[35mCOMMIT[0m
  ↳ app/controllers/users_controller.rb:20:in `destroy'
Redirected to http://localhost:3000/users/3
Completed 302 Found in 24ms (ActiveRecord: 8.2ms | Allocations: 2259)


Started DELETE "/users/3" for ::1 at 2022-12-14 15:39:32 -0500
Processing by UsersController#destroy as */*
  Parameters: {"id"=>"3"}
Completed 400 Bad Request in 1ms (ActiveRecord: 0.0ms | Allocations: 599)



ActionController::ParameterMissing - param is missing or the value is empty: user:
  app/controllers/users_controller.rb:27:in `user_params'
  app/controllers/users_controller.rb:19:in `destroy'

Started DELETE "/users/:id?user[:id]=4" for ::1 at 2022-12-14 15:39:56 -0500
Processing by UsersController#destroy as */*
  Parameters: {"user"=>{":id"=>"4"}, "id"=>":id"}
[31mUnpermitted parameter: ::id. Context: { controller: UsersController, action: destroy, request: #<ActionDispatch::Request:0x00007f37a571f460>, params: {"user"=>{":id"=>"4"}, "controller"=>"users", "action"=>"destroy", "id"=>":id"} }[0m
  [1m[36mUser Load (0.7ms)[0m  [1m[34mSELECT "users".* FROM "users" LIMIT $1[0m  [["LIMIT", 1]]
  ↳ app/controllers/users_controller.rb:19:in `destroy'
  [1m[36mTRANSACTION (0.5ms)[0m  [1m[35mBEGIN[0m
  ↳ app/controllers/users_controller.rb:20:in `destroy'
  [1m[36mUser Destroy (1.2ms)[0m  [1m[31mDELETE FROM "users" WHERE "users"."id" = $1[0m  [["id", 4]]
  ↳ app/controllers/users_controller.rb:20:in `destroy'
  [1m[36mTRANSACTION (5.4ms)[0m  [1m[35mCOMMIT[0m
  ↳ app/controllers/users_controller.rb:20:in `destroy'
Redirected to http://localhost:3000/users/4
Completed 302 Found in 25ms (ActiveRecord: 7.8ms | Allocations: 2275)


Started DELETE "/users/4" for ::1 at 2022-12-14 15:39:56 -0500
Processing by UsersController#destroy as */*
  Parameters: {"id"=>"4"}
Completed 400 Bad Request in 1ms (ActiveRecord: 0.0ms | Allocations: 598)



ActionController::ParameterMissing - param is missing or the value is empty: user:
  app/controllers/users_controller.rb:27:in `user_params'
  app/controllers/users_controller.rb:19:in `destroy'

Started DELETE "/users/:id?user[:id]=4" for ::1 at 2022-12-14 15:40:04 -0500
Processing by UsersController#destroy as */*
  Parameters: {"user"=>{":id"=>"4"}, "id"=>":id"}
[31mUnpermitted parameter: ::id. Context: { controller: UsersController, action: destroy, request: #<ActionDispatch::Request:0x00007f37a56be520>, params: {"user"=>{":id"=>"4"}, "controller"=>"users", "action"=>"destroy", "id"=>":id"} }[0m
  [1m[36mUser Load (0.8ms)[0m  [1m[34mSELECT "users".* FROM "users" LIMIT $1[0m  [["LIMIT", 1]]
  ↳ app/controllers/users_controller.rb:19:in `destroy'
  [1m[36mTRANSACTION (0.5ms)[0m  [1m[35mBEGIN[0m
  ↳ app/controllers/users_controller.rb:20:in `destroy'
  [1m[36mUser Destroy (0.8ms)[0m  [1m[31mDELETE FROM "users" WHERE "users"."id" = $1[0m  [["id", 5]]
  ↳ app/controllers/users_controller.rb:20:in `destroy'
  [1m[36mTRANSACTION (6.4ms)[0m  [1m[35mCOMMIT[0m
  ↳ app/controllers/users_controller.rb:20:in `destroy'
Redirected to http://localhost:3000/users/5
Completed 302 Found in 29ms (ActiveRecord: 8.5ms | Allocations: 2270)


Started DELETE "/users/5" for ::1 at 2022-12-14 15:40:05 -0500
Processing by UsersController#destroy as */*
  Parameters: {"id"=>"5"}
Completed 400 Bad Request in 1ms (ActiveRecord: 0.0ms | Allocations: 598)



ActionController::ParameterMissing - param is missing or the value is empty: user:
  app/controllers/users_controller.rb:27:in `user_params'
  app/controllers/users_controller.rb:19:in `destroy'

Started DELETE "/users/:id?user[:id]=1" for ::1 at 2022-12-14 15:40:16 -0500
Processing by UsersController#destroy as */*
  Parameters: {"user"=>{":id"=>"1"}, "id"=>":id"}
[31mUnpermitted parameter: ::id. Context: { controller: UsersController, action: destroy, request: #<ActionDispatch::Request:0x00007f37ad986e30>, params: {"user"=>{":id"=>"1"}, "controller"=>"users", "action"=>"destroy", "id"=>":id"} }[0m
  [1m[36mUser Load (0.8ms)[0m  [1m[34mSELECT "users".* FROM "users" LIMIT $1[0m  [["LIMIT", 1]]
  ↳ app/controllers/users_controller.rb:19:in `destroy'
  [1m[36mTRANSACTION (0.3ms)[0m  [1m[35mBEGIN[0m
  ↳ app/controllers/users_controller.rb:20:in `destroy'
  [1m[36mUser Destroy (17.6ms)[0m  [1m[31mDELETE FROM "users" WHERE "users"."id" = $1[0m  [["id", 6]]
  ↳ app/controllers/users_controller.rb:20:in `destroy'
  [1m[36mTRANSACTION (13.0ms)[0m  [1m[35mCOMMIT[0m
  ↳ app/controllers/users_controller.rb:20:in `destroy'
Redirected to http://localhost:3000/users/6
Completed 302 Found in 48ms (ActiveRecord: 31.8ms | Allocations: 2257)


Started DELETE "/users/6" for ::1 at 2022-12-14 15:40:16 -0500
Processing by UsersController#destroy as */*
  Parameters: {"id"=>"6"}
Completed 400 Bad Request in 1ms (ActiveRecord: 0.0ms | Allocations: 598)



ActionController::ParameterMissing - param is missing or the value is empty: user:
  app/controllers/users_controller.rb:27:in `user_params'
  app/controllers/users_controller.rb:19:in `destroy'

  [1m[36mTRANSACTION (0.4ms)[0m  [1m[35mBEGIN[0m
  [1m[36mUser Create (1.1ms)[0m  [1m[32mINSERT INTO "users" ("name", "email", "created_at", "updated_at") VALUES ($1, $2, $3, $4) RETURNING "id"[0m  [["name", "Zaho"], ["email", "zahi.ahmed33@gmail.com"], ["created_at", "2022-12-14 20:41:56.962752"], ["updated_at", "2022-12-14 20:41:56.962752"]]
  [1m[36mTRANSACTION (5.3ms)[0m  [1m[35mCOMMIT[0m
  [1m[36mTRANSACTION (0.4ms)[0m  [1m[35mBEGIN[0m
  [1m[36mUser Create (0.8ms)[0m  [1m[32mINSERT INTO "users" ("name", "email", "created_at", "updated_at") VALUES ($1, $2, $3, $4) RETURNING "id"[0m  [["name", "Zaho"], ["email", "zahi.ahmed33@gmail.com"], ["created_at", "2022-12-14 20:41:58.170536"], ["updated_at", "2022-12-14 20:41:58.170536"]]
  [1m[36mTRANSACTION (5.6ms)[0m  [1m[35mCOMMIT[0m
  [1m[36mTRANSACTION (0.3ms)[0m  [1m[35mBEGIN[0m
  [1m[36mUser Create (0.6ms)[0m  [1m[32mINSERT INTO "users" ("name", "email", "created_at", "updated_at") VALUES ($1, $2, $3, $4) RETURNING "id"[0m  [["name", "Zaho"], ["email", "zahi.ahmed33@gmail.com"], ["created_at", "2022-12-14 20:41:58.785717"], ["updated_at", "2022-12-14 20:41:58.785717"]]
  [1m[36mTRANSACTION (8.9ms)[0m  [1m[35mCOMMIT[0m
  [1m[36mTRANSACTION (0.3ms)[0m  [1m[35mBEGIN[0m
  [1m[36mUser Create (0.6ms)[0m  [1m[32mINSERT INTO "users" ("name", "email", "created_at", "updated_at") VALUES ($1, $2, $3, $4) RETURNING "id"[0m  [["name", "Zaho"], ["email", "zahi.ahmed33@gmail.com"], ["created_at", "2022-12-14 20:41:59.366049"], ["updated_at", "2022-12-14 20:41:59.366049"]]
  [1m[36mTRANSACTION (5.6ms)[0m  [1m[35mCOMMIT[0m
  [1m[36mTRANSACTION (0.3ms)[0m  [1m[35mBEGIN[0m
  [1m[36mUser Create (0.7ms)[0m  [1m[32mINSERT INTO "users" ("name", "email", "created_at", "updated_at") VALUES ($1, $2, $3, $4) RETURNING "id"[0m  [["name", "Zaho"], ["email", "zahi.ahmed33@gmail.com"], ["created_at", "2022-12-14 20:41:59.794315"], ["updated_at", "2022-12-14 20:41:59.794315"]]
  [1m[36mTRANSACTION (3.8ms)[0m  [1m[35mCOMMIT[0m
  [1m[36mTRANSACTION (0.4ms)[0m  [1m[35mBEGIN[0m
  [1m[36mUser Create (0.7ms)[0m  [1m[32mINSERT INTO "users" ("name", "email", "created_at", "updated_at") VALUES ($1, $2, $3, $4) RETURNING "id"[0m  [["name", "Zaho"], ["email", "zahi.ahmed33@gmail.com"], ["created_at", "2022-12-14 20:42:00.214202"], ["updated_at", "2022-12-14 20:42:00.214202"]]
  [1m[36mTRANSACTION (3.9ms)[0m  [1m[35mCOMMIT[0m
  [1m[36mTRANSACTION (0.3ms)[0m  [1m[35mBEGIN[0m
  [1m[36mUser Create (0.8ms)[0m  [1m[32mINSERT INTO "users" ("name", "email", "created_at", "updated_at") VALUES ($1, $2, $3, $4) RETURNING "id"[0m  [["name", "Zaho"], ["email", "zahi.ahmed33@gmail.com"], ["created_at", "2022-12-14 20:42:00.977147"], ["updated_at", "2022-12-14 20:42:00.977147"]]
  [1m[36mTRANSACTION (4.4ms)[0m  [1m[35mCOMMIT[0m
  [1m[36mTRANSACTION (0.5ms)[0m  [1m[35mBEGIN[0m
  [1m[36mUser Create (0.6ms)[0m  [1m[32mINSERT INTO "users" ("name", "email", "created_at", "updated_at") VALUES ($1, $2, $3, $4) RETURNING "id"[0m  [["name", "Zaho"], ["email", "zahi.ahmed33@gmail.com"], ["created_at", "2022-12-14 20:42:01.553403"], ["updated_at", "2022-12-14 20:42:01.553403"]]
  [1m[36mTRANSACTION (5.4ms)[0m  [1m[35mCOMMIT[0m
  [1m[36mTRANSACTION (0.4ms)[0m  [1m[35mBEGIN[0m
  [1m[36mUser Create (0.7ms)[0m  [1m[32mINSERT INTO "users" ("name", "email", "created_at", "updated_at") VALUES ($1, $2, $3, $4) RETURNING "id"[0m  [["name", "Zaho"], ["email", "zahi.ahmed33@gmail.com"], ["created_at", "2022-12-14 20:42:02.054258"], ["updated_at", "2022-12-14 20:42:02.054258"]]
  [1m[36mTRANSACTION (5.0ms)[0m  [1m[35mCOMMIT[0m
  [1m[36mTRANSACTION (0.3ms)[0m  [1m[35mBEGIN[0m
  [1m[36mUser Create (0.8ms)[0m  [1m[32mINSERT INTO "users" ("name", "email", "created_at", "updated_at") VALUES ($1, $2, $3, $4) RETURNING "id"[0m  [["name", "Zaho"], ["email", "zahi.ahmed33@gmail.com"], ["created_at", "2022-12-14 20:42:02.496477"], ["updated_at", "2022-12-14 20:42:02.496477"]]
  [1m[36mTRANSACTION (6.3ms)[0m  [1m[35mCOMMIT[0m
Started DELETE "/users/:id?user[:id]=16" for ::1 at 2022-12-14 15:42:32 -0500
  [1m[36mActiveRecord::SchemaMigration Pluck (1.1ms)[0m  [1m[34mSELECT "schema_migrations"."version" FROM "schema_migrations" ORDER BY "schema_migrations"."version" ASC[0m
Processing by UsersController#destroy as */*
  Parameters: {"user"=>{":id"=>"16"}, "id"=>":id"}
  [1m[36mUser Load (31.2ms)[0m  [1m[34mSELECT "users".* FROM "users" WHERE (:id) LIMIT $1[0m  [["LIMIT", 1]]
  ↳ app/controllers/users_controller.rb:19:in `destroy'
Completed 500 Internal Server Error in 110ms (ActiveRecord: 31.2ms | Allocations: 3932)



ActiveRecord::StatementInvalid - PG::SyntaxError: ERROR:  syntax error at or near ":"
LINE 1: SELECT "users".* FROM "users" WHERE (:id) LIMIT $1
                                             ^:
  app/controllers/users_controller.rb:19:in `destroy'

Started DELETE "/users/:id?user[id]=16" for ::1 at 2022-12-14 15:43:00 -0500
Processing by UsersController#destroy as */*
  Parameters: {"user"=>{"id"=>"16"}, "id"=>":id"}
  [1m[36mUser Load (1.9ms)[0m  [1m[34mSELECT "users".* FROM "users" WHERE (:id) LIMIT $1[0m  [["LIMIT", 1]]
  ↳ app/controllers/users_controller.rb:19:in `destroy'
Completed 500 Internal Server Error in 8ms (ActiveRecord: 1.9ms | Allocations: 1947)



ActiveRecord::StatementInvalid - PG::SyntaxError: ERROR:  syntax error at or near ":"
LINE 1: SELECT "users".* FROM "users" WHERE (:id) LIMIT $1
                                             ^:
  app/controllers/users_controller.rb:19:in `destroy'

Started DELETE "/users/:id?user[id]=16" for ::1 at 2022-12-14 15:43:10 -0500
Processing by UsersController#destroy as */*
  Parameters: {"user"=>{"id"=>"16"}, "id"=>":id"}
  [1m[36mUser Load (1.6ms)[0m  [1m[34mSELECT "users".* FROM "users" WHERE (:id) LIMIT $1[0m  [["LIMIT", 1]]
  ↳ app/controllers/users_controller.rb:19:in `destroy'
Completed 500 Internal Server Error in 7ms (ActiveRecord: 1.6ms | Allocations: 1939)



ActiveRecord::StatementInvalid - PG::SyntaxError: ERROR:  syntax error at or near ":"
LINE 1: SELECT "users".* FROM "users" WHERE (:id) LIMIT $1
                                             ^:
  app/controllers/users_controller.rb:19:in `destroy'

Started DELETE "/users/:id?user[id]=16" for ::1 at 2022-12-14 15:43:38 -0500
  [1m[36mActiveRecord::SchemaMigration Pluck (1.5ms)[0m  [1m[34mSELECT "schema_migrations"."version" FROM "schema_migrations" ORDER BY "schema_migrations"."version" ASC[0m
Processing by UsersController#destroy as */*
  Parameters: {"user"=>{"id"=>"16"}, "id"=>":id"}
[31mUnpermitted parameter: :id. Context: { controller: UsersController, action: destroy, request: #<ActionDispatch::Request:0x00007f89a3031720>, params: {"user"=>{"id"=>"16"}, "controller"=>"users", "action"=>"destroy", "id"=>":id"} }[0m
  [1m[36mUser Load (2.2ms)[0m  [1m[34mSELECT "users".* FROM "users" LIMIT $1[0m  [["LIMIT", 1]]
  ↳ app/controllers/users_controller.rb:19:in `destroy'
  [1m[36mTRANSACTION (0.4ms)[0m  [1m[35mBEGIN[0m
  ↳ app/controllers/users_controller.rb:20:in `destroy'
  [1m[36mUser Destroy (1.0ms)[0m  [1m[31mDELETE FROM "users" WHERE "users"."id" = $1[0m  [["id", 7]]
  ↳ app/controllers/users_controller.rb:20:in `destroy'
  [1m[36mTRANSACTION (5.1ms)[0m  [1m[35mCOMMIT[0m
  ↳ app/controllers/users_controller.rb:20:in `destroy'
Redirected to http://localhost:3000/users/7
Completed 302 Found in 263ms (ActiveRecord: 33.3ms | Allocations: 9984)


Started DELETE "/users/7" for ::1 at 2022-12-14 15:43:40 -0500
Processing by UsersController#destroy as */*
  Parameters: {"id"=>"7"}
Completed 400 Bad Request in 1ms (ActiveRecord: 0.0ms | Allocations: 670)



ActionController::ParameterMissing - param is missing or the value is empty: user:
  app/controllers/users_controller.rb:27:in `user_params'
  app/controllers/users_controller.rb:19:in `destroy'

Started DELETE "/users/:id?user[id]=16" for ::1 at 2022-12-14 15:44:35 -0500
  [1m[36mActiveRecord::SchemaMigration Pluck (1.0ms)[0m  [1m[34mSELECT "schema_migrations"."version" FROM "schema_migrations" ORDER BY "schema_migrations"."version" ASC[0m
Processing by UsersController#destroy as */*
  Parameters: {"user"=>{"id"=>"16"}, "id"=>":id"}
  [1m[36mUser Load (25.0ms)[0m  [1m[34mSELECT "users".* FROM "users" WHERE (16) LIMIT $1[0m  [["LIMIT", 1]]
  ↳ app/controllers/users_controller.rb:19:in `destroy'
Completed 500 Internal Server Error in 121ms (ActiveRecord: 25.0ms | Allocations: 4008)



ActiveRecord::StatementInvalid - PG::DatatypeMismatch: ERROR:  argument of WHERE must be type boolean, not type integer
LINE 1: SELECT "users".* FROM "users" WHERE (16) LIMIT $1
                                             ^:
  app/controllers/users_controller.rb:19:in `destroy'

Started DELETE "/users/:id?user[id]=16" for ::1 at 2022-12-14 15:46:04 -0500
  [1m[36mActiveRecord::SchemaMigration Pluck (1.1ms)[0m  [1m[34mSELECT "schema_migrations"."version" FROM "schema_migrations" ORDER BY "schema_migrations"."version" ASC[0m
Processing by UsersController#destroy as */*
  Parameters: {"user"=>{"id"=>"16"}, "id"=>":id"}
  [1m[36mUser Load (1.1ms)[0m  [1m[34mSELECT "users".* FROM "users" WHERE "users"."id" = $1 LIMIT $2[0m  [["id", 16], ["LIMIT", 1]]
  ↳ app/controllers/users_controller.rb:19:in `destroy'
  [1m[36mTRANSACTION (0.3ms)[0m  [1m[35mBEGIN[0m
  ↳ app/controllers/users_controller.rb:20:in `destroy'
  [1m[36mUser Destroy (1.1ms)[0m  [1m[31mDELETE FROM "users" WHERE "users"."id" = $1[0m  [["id", 16]]
  ↳ app/controllers/users_controller.rb:20:in `destroy'
  [1m[36mTRANSACTION (15.3ms)[0m  [1m[35mCOMMIT[0m
  ↳ app/controllers/users_controller.rb:20:in `destroy'
Redirected to http://localhost:3000/users/16
Completed 302 Found in 285ms (ActiveRecord: 31.1ms | Allocations: 10542)


Started DELETE "/users/16" for ::1 at 2022-12-14 15:46:07 -0500
Processing by UsersController#destroy as */*
  Parameters: {"id"=>"16"}
Completed 400 Bad Request in 2ms (ActiveRecord: 0.0ms | Allocations: 674)



ActionController::ParameterMissing - param is missing or the value is empty: user:
  app/controllers/users_controller.rb:27:in `user_params'
  app/controllers/users_controller.rb:19:in `destroy'

Started DELETE "/users/:id?user[id]=16" for ::1 at 2022-12-14 15:46:52 -0500
  [1m[36mActiveRecord::SchemaMigration Pluck (1.1ms)[0m  [1m[34mSELECT "schema_migrations"."version" FROM "schema_migrations" ORDER BY "schema_migrations"."version" ASC[0m
Processing by UsersController#destroy as */*
  Parameters: {"user"=>{"id"=>"16"}, "id"=>":id"}
  [1m[36mUser Load (0.7ms)[0m  [1m[34mSELECT "users".* FROM "users" WHERE "users"."id" = $1 LIMIT $2[0m  [["id", 16], ["LIMIT", 1]]
  ↳ app/controllers/users_controller.rb:19:in `destroy'
Completed 404 Not Found in 421ms (ActiveRecord: 7.8ms | Allocations: 5651)



ActiveRecord::RecordNotFound - Couldn't find User with 'id'=16:
  app/controllers/users_controller.rb:19:in `destroy'

  [1m[36mUser Load (2.5ms)[0m  [1m[34mSELECT "users".* FROM "users"[0m
Started DELETE "/users/:id?user[id]=15" for ::1 at 2022-12-14 15:48:18 -0500
  [1m[36mActiveRecord::SchemaMigration Pluck (1.0ms)[0m  [1m[34mSELECT "schema_migrations"."version" FROM "schema_migrations" ORDER BY "schema_migrations"."version" ASC[0m
Processing by UsersController#destroy as */*
  Parameters: {"user"=>{"id"=>"15"}, "id"=>":id"}
  [1m[36mUser Load (2.6ms)[0m  [1m[34mSELECT "users".* FROM "users" WHERE "users"."id" = $1 LIMIT $2[0m  [["id", 15], ["LIMIT", 1]]
  ↳ app/controllers/users_controller.rb:19:in `destroy'
  [1m[36mTRANSACTION (0.4ms)[0m  [1m[35mBEGIN[0m
  ↳ app/controllers/users_controller.rb:20:in `destroy'
  [1m[36mUser Destroy (0.9ms)[0m  [1m[31mDELETE FROM "users" WHERE "users"."id" = $1[0m  [["id", 15]]
  ↳ app/controllers/users_controller.rb:20:in `destroy'
  [1m[36mTRANSACTION (5.5ms)[0m  [1m[35mCOMMIT[0m
  ↳ app/controllers/users_controller.rb:20:in `destroy'
Redirected to http://localhost:3000/users/15
Completed 302 Found in 232ms (ActiveRecord: 18.1ms | Allocations: 10528)


Started DELETE "/users/15" for ::1 at 2022-12-14 15:48:20 -0500
Processing by UsersController#destroy as */*
  Parameters: {"id"=>"15"}
Completed 400 Bad Request in 1ms (ActiveRecord: 0.0ms | Allocations: 673)



ActionController::ParameterMissing - param is missing or the value is empty: user:
  app/controllers/users_controller.rb:27:in `user_params'
  app/controllers/users_controller.rb:19:in `destroy'

Started GET "/users" for ::1 at 2022-12-14 15:48:40 -0500
Processing by UsersController#index as */*
  [1m[36mUser Load (0.7ms)[0m  [1m[34mSELECT "users".* FROM "users"[0m
  ↳ app/controllers/users_controller.rb:5:in `index'
Completed 200 OK in 8ms (Views: 6.8ms | ActiveRecord: 0.7ms | Allocations: 1769)


Started DELETE "/users?user[id]=13" for ::1 at 2022-12-14 15:49:32 -0500
  
ActionController::RoutingError (No route matches [DELETE] "/users"):
  
Started DELETE "/users/:id?user[id]=13" for ::1 at 2022-12-14 15:49:51 -0500
Processing by UsersController#destroy as */*
  Parameters: {"user"=>{"id"=>"13"}, "id"=>":id"}
  [1m[36mUser Load (0.7ms)[0m  [1m[34mSELECT "users".* FROM "users" WHERE "users"."id" = $1 LIMIT $2[0m  [["id", 13], ["LIMIT", 1]]
  ↳ app/controllers/users_controller.rb:19:in `destroy'
  [1m[36mTRANSACTION (0.3ms)[0m  [1m[35mBEGIN[0m
  ↳ app/controllers/users_controller.rb:20:in `destroy'
  [1m[36mUser Destroy (0.6ms)[0m  [1m[31mDELETE FROM "users" WHERE "users"."id" = $1[0m  [["id", 13]]
  ↳ app/controllers/users_controller.rb:20:in `destroy'
  [1m[36mTRANSACTION (7.1ms)[0m  [1m[35mCOMMIT[0m
  ↳ app/controllers/users_controller.rb:20:in `destroy'
Redirected to http://localhost:3000/users/13
Completed 302 Found in 45ms (ActiveRecord: 8.7ms | Allocations: 2239)


Started DELETE "/users/13" for ::1 at 2022-12-14 15:49:51 -0500
Processing by UsersController#destroy as */*
  Parameters: {"id"=>"13"}
Completed 400 Bad Request in 1ms (ActiveRecord: 0.0ms | Allocations: 613)



ActionController::ParameterMissing - param is missing or the value is empty: user:
  app/controllers/users_controller.rb:27:in `user_params'
  app/controllers/users_controller.rb:19:in `destroy'

Started DELETE "/users/:id?user[id]=12" for ::1 at 2022-12-14 15:50:54 -0500
  [1m[36mActiveRecord::SchemaMigration Pluck (1.1ms)[0m  [1m[34mSELECT "schema_migrations"."version" FROM "schema_migrations" ORDER BY "schema_migrations"."version" ASC[0m
Processing by UsersController#destroy as */*
  Parameters: {"user"=>{"id"=>"12"}, "id"=>":id"}
Completed 400 Bad Request in 100ms (ActiveRecord: 0.0ms | Allocations: 1340)



ActionController::ParameterMissing - param is missing or the value is empty: users
Did you mean?  user:
  app/controllers/users_controller.rb:27:in `user_params'
  app/controllers/users_controller.rb:19:in `destroy'

Started GET "/users" for ::1 at 2022-12-14 15:51:31 -0500
Processing by UsersController#index as */*
  [1m[36mUser Load (1.0ms)[0m  [1m[34mSELECT "users".* FROM "users"[0m
  ↳ app/controllers/users_controller.rb:5:in `index'
Completed 200 OK in 153ms (Views: 57.2ms | ActiveRecord: 8.1ms | Allocations: 6571)


Started DELETE "/users/:id?user[id]=12" for ::1 at 2022-12-14 15:51:55 -0500
Processing by UsersController#destroy as */*
  Parameters: {"user"=>{"id"=>"12"}, "id"=>":id"}
  [1m[36mUser Load (0.7ms)[0m  [1m[34mSELECT "users".* FROM "users" WHERE "users"."id" = $1 LIMIT $2[0m  [["id", 12], ["LIMIT", 1]]
  ↳ app/controllers/users_controller.rb:19:in `destroy'
  [1m[36mTRANSACTION (0.3ms)[0m  [1m[35mBEGIN[0m
  ↳ app/controllers/users_controller.rb:20:in `destroy'
  [1m[36mUser Destroy (0.8ms)[0m  [1m[31mDELETE FROM "users" WHERE "users"."id" = $1[0m  [["id", 12]]
  ↳ app/controllers/users_controller.rb:20:in `destroy'
  [1m[36mTRANSACTION (11.4ms)[0m  [1m[35mCOMMIT[0m
  ↳ app/controllers/users_controller.rb:20:in `destroy'
Redirected to http://localhost:3000/users/12
Completed 302 Found in 72ms (ActiveRecord: 14.3ms | Allocations: 5489)


Started DELETE "/users/12" for ::1 at 2022-12-14 15:51:55 -0500
Processing by UsersController#destroy as */*
  Parameters: {"id"=>"12"}
Completed 400 Bad Request in 1ms (ActiveRecord: 0.0ms | Allocations: 627)



ActionController::ParameterMissing - param is missing or the value is empty: user:
  app/controllers/users_controller.rb:27:in `user_params'
  app/controllers/users_controller.rb:19:in `destroy'

Started GET "/users" for ::1 at 2022-12-14 15:52:10 -0500
Processing by UsersController#index as */*
  [1m[36mUser Load (0.6ms)[0m  [1m[34mSELECT "users".* FROM "users"[0m
  ↳ app/controllers/users_controller.rb:5:in `index'
Completed 200 OK in 10ms (Views: 8.5ms | ActiveRecord: 0.6ms | Allocations: 1226)


Started DELETE "/users?user[id]=12" for ::1 at 2022-12-14 15:52:20 -0500
  
ActionController::RoutingError (No route matches [DELETE] "/users"):
  
Started DELETE "/users?user[id]=12" for ::1 at 2022-12-14 15:53:28 -0500
  [1m[36mActiveRecord::SchemaMigration Pluck (1.5ms)[0m  [1m[34mSELECT "schema_migrations"."version" FROM "schema_migrations" ORDER BY "schema_migrations"."version" ASC[0m
Processing by UsersController#destroy as */*
  Parameters: {"user"=>{"id"=>"12"}}
  [1m[36mUser Load (0.9ms)[0m  [1m[34mSELECT "users".* FROM "users" WHERE "users"."id" = $1 LIMIT $2[0m  [["id", 12], ["LIMIT", 1]]
  ↳ app/controllers/users_controller.rb:19:in `destroy'
Completed 404 Not Found in 214ms (ActiveRecord: 13.3ms | Allocations: 5651)



ActiveRecord::RecordNotFound - Couldn't find User with 'id'=12:
  app/controllers/users_controller.rb:19:in `destroy'

Started DELETE "/users?user[id]=10" for ::1 at 2022-12-14 15:53:41 -0500
Processing by UsersController#destroy as */*
  Parameters: {"user"=>{"id"=>"10"}}
  [1m[36mUser Load (0.7ms)[0m  [1m[34mSELECT "users".* FROM "users" WHERE "users"."id" = $1 LIMIT $2[0m  [["id", 10], ["LIMIT", 1]]
  ↳ app/controllers/users_controller.rb:19:in `destroy'
  [1m[36mTRANSACTION (0.4ms)[0m  [1m[35mBEGIN[0m
  ↳ app/controllers/users_controller.rb:20:in `destroy'
  [1m[36mUser Destroy (1.0ms)[0m  [1m[31mDELETE FROM "users" WHERE "users"."id" = $1[0m  [["id", 10]]
  ↳ app/controllers/users_controller.rb:20:in `destroy'
  [1m[36mTRANSACTION (7.5ms)[0m  [1m[35mCOMMIT[0m
  ↳ app/controllers/users_controller.rb:20:in `destroy'
Redirected to http://localhost:3000/users/10
Completed 302 Found in 69ms (ActiveRecord: 9.5ms | Allocations: 5929)


Started DELETE "/users/10" for ::1 at 2022-12-14 15:53:42 -0500
  
ActionController::RoutingError (No route matches [DELETE] "/users/10"):
  
Started DELETE "/users/:id?user[id]=10" for ::1 at 2022-12-14 15:54:18 -0500
Processing by UsersController#destroy as */*
  Parameters: {"user"=>{"id"=>"10"}, "id"=>":id"}
  [1m[36mUser Load (1.0ms)[0m  [1m[34mSELECT "users".* FROM "users" WHERE "users"."id" = $1 LIMIT $2[0m  [["id", 10], ["LIMIT", 1]]
  ↳ app/controllers/users_controller.rb:19:in `destroy'
Completed 404 Not Found in 118ms (ActiveRecord: 9.6ms | Allocations: 3256)



ActiveRecord::RecordNotFound - Couldn't find User with 'id'=10:
  app/controllers/users_controller.rb:19:in `destroy'

Started DELETE "/users/:id?user[id]=10" for ::1 at 2022-12-14 15:54:42 -0500
  [1m[36mActiveRecord::SchemaMigration Pluck (1.0ms)[0m  [1m[34mSELECT "schema_migrations"."version" FROM "schema_migrations" ORDER BY "schema_migrations"."version" ASC[0m
Processing by UsersController#destroy as */*
  Parameters: {"user"=>{"id"=>"10"}, "id"=>":id"}
  [1m[36mUser Load (2.2ms)[0m  [1m[34mSELECT "users".* FROM "users" WHERE "users"."id" = $1 LIMIT $2[0m  [["id", 10], ["LIMIT", 1]]
  ↳ app/controllers/users_controller.rb:19:in `destroy'
Completed 404 Not Found in 192ms (ActiveRecord: 11.0ms | Allocations: 5651)



ActiveRecord::RecordNotFound - Couldn't find User with 'id'=10:
  app/controllers/users_controller.rb:19:in `destroy'

Started GET "/users" for ::1 at 2022-12-14 15:55:04 -0500
Processing by UsersController#index as */*
  [1m[36mUser Load (0.8ms)[0m  [1m[34mSELECT "users".* FROM "users"[0m
  ↳ app/controllers/users_controller.rb:5:in `index'
Completed 200 OK in 50ms (Views: 48.6ms | ActiveRecord: 0.8ms | Allocations: 4870)


Started DELETE "/users/:id?user[id]=10" for ::1 at 2022-12-14 15:55:21 -0500
Processing by UsersController#destroy as */*
  Parameters: {"user"=>{"id"=>"10"}, "id"=>":id"}
  [1m[36mUser Load (0.6ms)[0m  [1m[34mSELECT "users".* FROM "users" WHERE "users"."id" = $1 LIMIT $2[0m  [["id", 10], ["LIMIT", 1]]
  ↳ app/controllers/users_controller.rb:19:in `destroy'
Completed 404 Not Found in 5ms (ActiveRecord: 0.6ms | Allocations: 1169)



ActiveRecord::RecordNotFound - Couldn't find User with 'id'=10:
  app/controllers/users_controller.rb:19:in `destroy'

Started DELETE "/users/:id?user[id]=8" for ::1 at 2022-12-14 15:55:31 -0500
Processing by UsersController#destroy as */*
  Parameters: {"user"=>{"id"=>"8"}, "id"=>":id"}
  [1m[36mUser Load (1.5ms)[0m  [1m[34mSELECT "users".* FROM "users" WHERE "users"."id" = $1 LIMIT $2[0m  [["id", 8], ["LIMIT", 1]]
  ↳ app/controllers/users_controller.rb:19:in `destroy'
  [1m[36mTRANSACTION (0.3ms)[0m  [1m[35mBEGIN[0m
  ↳ app/controllers/users_controller.rb:20:in `destroy'
  [1m[36mUser Destroy (0.6ms)[0m  [1m[31mDELETE FROM "users" WHERE "users"."id" = $1[0m  [["id", 8]]
  ↳ app/controllers/users_controller.rb:20:in `destroy'
  [1m[36mTRANSACTION (11.9ms)[0m  [1m[35mCOMMIT[0m
  ↳ app/controllers/users_controller.rb:20:in `destroy'
Redirected to http://localhost:3000/users/8
Completed 302 Found in 34ms (ActiveRecord: 14.3ms | Allocations: 2487)


Started DELETE "/users/8" for ::1 at 2022-12-14 15:55:31 -0500
Processing by UsersController#destroy as */*
  Parameters: {"id"=>"8"}
Completed 400 Bad Request in 1ms (ActiveRecord: 0.0ms | Allocations: 645)



ActionController::ParameterMissing - param is missing or the value is empty: user:
  app/controllers/users_controller.rb:27:in `user_params'
  app/controllers/users_controller.rb:19:in `destroy'

Started DELETE "/users/:id?user[id]=14" for ::1 at 2022-12-14 15:56:37 -0500
  [1m[36mActiveRecord::SchemaMigration Pluck (1.6ms)[0m  [1m[34mSELECT "schema_migrations"."version" FROM "schema_migrations" ORDER BY "schema_migrations"."version" ASC[0m
Processing by UsersController#destroy as */*
  Parameters: {"user"=>{"id"=>"14"}, "id"=>":id"}
  [1m[36mUser Load (1.5ms)[0m  [1m[34mSELECT "users".* FROM "users" WHERE "users"."id" = $1 LIMIT $2[0m  [["id", 14], ["LIMIT", 1]]
  ↳ app/controllers/users_controller.rb:19:in `destroy'
  [1m[36mTRANSACTION (0.4ms)[0m  [1m[35mBEGIN[0m
  ↳ app/controllers/users_controller.rb:20:in `destroy'
  [1m[36mUser Destroy (0.8ms)[0m  [1m[31mDELETE FROM "users" WHERE "users"."id" = $1[0m  [["id", 14]]
  ↳ app/controllers/users_controller.rb:20:in `destroy'
  [1m[36mTRANSACTION (12.6ms)[0m  [1m[35mCOMMIT[0m
  ↳ app/controllers/users_controller.rb:20:in `destroy'
No template found for UsersController#destroy, rendering head :no_content
Completed 204 No Content in 288ms (ActiveRecord: 27.4ms | Allocations: 10826)


Started DELETE "/users/:id?user[id]=11" for ::1 at 2022-12-14 15:56:49 -0500
Processing by UsersController#destroy as */*
  Parameters: {"user"=>{"id"=>"11"}, "id"=>":id"}
  [1m[36mUser Load (0.6ms)[0m  [1m[34mSELECT "users".* FROM "users" WHERE "users"."id" = $1 LIMIT $2[0m  [["id", 11], ["LIMIT", 1]]
  ↳ app/controllers/users_controller.rb:19:in `destroy'
  [1m[36mTRANSACTION (0.4ms)[0m  [1m[35mBEGIN[0m
  ↳ app/controllers/users_controller.rb:20:in `destroy'
  [1m[36mUser Destroy (1.2ms)[0m  [1m[31mDELETE FROM "users" WHERE "users"."id" = $1[0m  [["id", 11]]
  ↳ app/controllers/users_controller.rb:20:in `destroy'
  [1m[36mTRANSACTION (5.2ms)[0m  [1m[35mCOMMIT[0m
  ↳ app/controllers/users_controller.rb:20:in `destroy'
No template found for UsersController#destroy, rendering head :no_content
Completed 204 No Content in 38ms (ActiveRecord: 7.4ms | Allocations: 2355)


Started DELETE "/users/:id?user[id]=9" for ::1 at 2022-12-14 15:57:01 -0500
Processing by UsersController#destroy as */*
  Parameters: {"user"=>{"id"=>"9"}, "id"=>":id"}
  [1m[36mUser Load (0.6ms)[0m  [1m[34mSELECT "users".* FROM "users" WHERE "users"."id" = $1 LIMIT $2[0m  [["id", 9], ["LIMIT", 1]]
  ↳ app/controllers/users_controller.rb:19:in `destroy'
  [1m[36mTRANSACTION (0.4ms)[0m  [1m[35mBEGIN[0m
  ↳ app/controllers/users_controller.rb:20:in `destroy'
  [1m[36mUser Destroy (0.9ms)[0m  [1m[31mDELETE FROM "users" WHERE "users"."id" = $1[0m  [["id", 9]]
  ↳ app/controllers/users_controller.rb:20:in `destroy'
  [1m[36mTRANSACTION (5.2ms)[0m  [1m[35mCOMMIT[0m
  ↳ app/controllers/users_controller.rb:20:in `destroy'
No template found for UsersController#destroy, rendering head :no_content
Completed 204 No Content in 22ms (ActiveRecord: 7.1ms | Allocations: 2065)


Started DELETE "/users/:id?user[id]=9" for ::1 at 2022-12-14 15:57:11 -0500
Processing by UsersController#destroy as */*
  Parameters: {"user"=>{"id"=>"9"}, "id"=>":id"}
  [1m[36mUser Load (0.5ms)[0m  [1m[34mSELECT "users".* FROM "users" WHERE "users"."id" = $1 LIMIT $2[0m  [["id", 9], ["LIMIT", 1]]
  ↳ app/controllers/users_controller.rb:19:in `destroy'
Completed 404 Not Found in 5ms (ActiveRecord: 0.5ms | Allocations: 1118)



ActiveRecord::RecordNotFound - Couldn't find User with 'id'=9:
  app/controllers/users_controller.rb:19:in `destroy'

Started DELETE "/users/:id?user[id]=9" for ::1 at 2022-12-14 15:57:18 -0500
Processing by UsersController#destroy as */*
  Parameters: {"user"=>{"id"=>"9"}, "id"=>":id"}
  [1m[36mUser Load (0.5ms)[0m  [1m[34mSELECT "users".* FROM "users" WHERE "users"."id" = $1 LIMIT $2[0m  [["id", 9], ["LIMIT", 1]]
  ↳ app/controllers/users_controller.rb:19:in `destroy'
Completed 404 Not Found in 4ms (ActiveRecord: 0.5ms | Allocations: 1082)



ActiveRecord::RecordNotFound - Couldn't find User with 'id'=9:
  app/controllers/users_controller.rb:19:in `destroy'

Started GET "/users" for ::1 at 2022-12-14 15:57:32 -0500
Processing by UsersController#index as */*
  [1m[36mUser Load (0.5ms)[0m  [1m[34mSELECT "users".* FROM "users"[0m
  ↳ app/controllers/users_controller.rb:5:in `index'
Completed 200 OK in 5ms (Views: 3.8ms | ActiveRecord: 0.5ms | Allocations: 927)


Started POST "/users?user[name]=Rex&user[email]=Rex@rex.rex" for ::1 at 2022-12-14 15:57:47 -0500
Processing by UsersController#create as */*
  Parameters: {"user"=>{"name"=>"Rex", "email"=>"Rex@rex.rex"}}
  [1m[36mTRANSACTION (0.4ms)[0m  [1m[35mBEGIN[0m
  ↳ app/controllers/users_controller.rb:11:in `create'
  [1m[36mUser Create (0.9ms)[0m  [1m[32mINSERT INTO "users" ("name", "email", "created_at", "updated_at") VALUES ($1, $2, $3, $4) RETURNING "id"[0m  [["name", "Rex"], ["email", "Rex@rex.rex"], ["created_at", "2022-12-14 20:57:47.291424"], ["updated_at", "2022-12-14 20:57:47.291424"]]
  ↳ app/controllers/users_controller.rb:11:in `create'
  [1m[36mTRANSACTION (7.3ms)[0m  [1m[35mCOMMIT[0m
  ↳ app/controllers/users_controller.rb:11:in `create'
Redirected to http://localhost:3000/users/17
Completed 302 Found in 29ms (ActiveRecord: 8.5ms | Allocations: 3707)


Started POST "/users/17" for ::1 at 2022-12-14 15:57:47 -0500
  
ActionController::RoutingError (No route matches [POST] "/users/17"):
  
  [1m[36mUser Load (0.8ms)[0m  [1m[34mSELECT "users".* FROM "users"[0m
  [1m[36mUser Load (2.4ms)[0m  [1m[34mSELECT "users".* FROM "users"[0m
Started DELETE "/users/:id?user[id]=17" for ::1 at 2022-12-14 16:09:05 -0500
  [1m[36mActiveRecord::SchemaMigration Pluck (1.1ms)[0m  [1m[34mSELECT "schema_migrations"."version" FROM "schema_migrations" ORDER BY "schema_migrations"."version" ASC[0m
Processing by UsersController#destroy as */*
  Parameters: {"user"=>{"id"=>"17"}, "id"=>":id"}
[31mUnpermitted parameter: :id. Context: { controller: UsersController, action: destroy, request: #<ActionDispatch::Request:0x00007fa27bd7fee0>, params: {"user"=>{"id"=>"17"}, "controller"=>"users", "action"=>"destroy", "id"=>":id"} }[0m
Completed 404 Not Found in 130ms (ActiveRecord: 6.6ms | Allocations: 2302)



ActiveRecord::RecordNotFound - Couldn't find User without an ID:
  app/controllers/users_controller.rb:19:in `destroy'

Started DELETE "/users/:id?user[id]=17" for ::1 at 2022-12-14 16:13:02 -0500
  [1m[36mActiveRecord::SchemaMigration Pluck (1.8ms)[0m  [1m[34mSELECT "schema_migrations"."version" FROM "schema_migrations" ORDER BY "schema_migrations"."version" ASC[0m
Processing by UsersController#destroy as */*
  Parameters: {"user"=>{"id"=>"17"}, "id"=>":id"}
  [1m[36mUser Load (0.7ms)[0m  [1m[34mSELECT "users".* FROM "users" WHERE "users"."id" = $1 LIMIT $2[0m  [["id", nil], ["LIMIT", 1]]
  ↳ app/controllers/users_controller.rb:18:in `destroy'
Completed 404 Not Found in 164ms (ActiveRecord: 8.9ms | Allocations: 5568)



ActiveRecord::RecordNotFound - Couldn't find User with 'id'=:id:
  app/controllers/users_controller.rb:18:in `destroy'

Started DELETE "/users/?user[id]=17" for ::1 at 2022-12-14 16:14:50 -0500
  
ActionController::RoutingError (No route matches [DELETE] "/users"):
  
Started DELETE "/user/?user[id]=17" for ::1 at 2022-12-14 16:17:54 -0500
  [1m[36mActiveRecord::SchemaMigration Pluck (1.0ms)[0m  [1m[34mSELECT "schema_migrations"."version" FROM "schema_migrations" ORDER BY "schema_migrations"."version" ASC[0m
  
ActionController::RoutingError (No route matches [DELETE] "/user"):
  
Started GET "/" for ::1 at 2022-12-14 16:19:18 -0500
  [1m[36mActiveRecord::SchemaMigration Pluck (1.1ms)[0m  [1m[34mSELECT "schema_migrations"."version" FROM "schema_migrations" ORDER BY "schema_migrations"."version" ASC[0m
Processing by Rails::WelcomeController#index as */*
  Rendering /home/kliu33/.rbenv/versions/3.1.1/lib/ruby/gems/3.1.0/gems/railties-7.0.4/lib/rails/templates/rails/welcome/index.html.erb
  Rendered /home/kliu33/.rbenv/versions/3.1.1/lib/ruby/gems/3.1.0/gems/railties-7.0.4/lib/rails/templates/rails/welcome/index.html.erb (Duration: 28.6ms | Allocations: 527)
Completed 200 OK in 207ms (Views: 109.3ms | ActiveRecord: 0.0ms | Allocations: 2837)


Started GET "/users" for ::1 at 2022-12-14 16:19:25 -0500
Processing by UsersController#index as */*
  [1m[36mUser Load (0.9ms)[0m  [1m[34mSELECT "users".* FROM "users"[0m
  ↳ app/controllers/users_controller.rb:5:in `index'
Completed 200 OK in 165ms (Views: 53.1ms | ActiveRecord: 17.4ms | Allocations: 6075)


Started DELETE "/users?user[id]=17" for ::1 at 2022-12-14 16:20:00 -0500
  
ActionController::RoutingError (No route matches [DELETE] "/users"):
  
Started DELETE "/user?user[id]=17" for ::1 at 2022-12-14 16:20:27 -0500
  
ActionController::RoutingError (No route matches [DELETE] "/user"):
  
Started GET "/users" for ::1 at 2022-12-14 16:22:06 -0500
  [1m[36mActiveRecord::SchemaMigration Pluck (1.0ms)[0m  [1m[34mSELECT "schema_migrations"."version" FROM "schema_migrations" ORDER BY "schema_migrations"."version" ASC[0m
Processing by UsersController#index as */*
  [1m[36mUser Load (1.0ms)[0m  [1m[34mSELECT "users".* FROM "users"[0m
  ↳ app/controllers/users_controller.rb:5:in `index'
Completed 200 OK in 151ms (Views: 50.7ms | ActiveRecord: 14.6ms | Allocations: 6176)


Started DELETE "/users?user[id]=17" for ::1 at 2022-12-14 16:22:23 -0500
  
ActionController::RoutingError (No route matches [DELETE] "/users"):
  
Started DELETE "/users" for ::1 at 2022-12-14 16:23:09 -0500
  
ActionController::RoutingError (No route matches [DELETE] "/users"):
  
Started DELETE "/users" for ::1 at 2022-12-14 16:23:16 -0500
  
ActionController::RoutingError (No route matches [DELETE] "/users"):
  
Started DELETE "/users" for ::1 at 2022-12-14 16:23:50 -0500
  [1m[36mActiveRecord::SchemaMigration Pluck (1.1ms)[0m  [1m[34mSELECT "schema_migrations"."version" FROM "schema_migrations" ORDER BY "schema_migrations"."version" ASC[0m
  
ActionController::RoutingError (No route matches [DELETE] "/users"):
  
Started GET "/users" for ::1 at 2022-12-14 16:27:23 -0500
  [1m[36mActiveRecord::SchemaMigration Pluck (1.2ms)[0m  [1m[34mSELECT "schema_migrations"."version" FROM "schema_migrations" ORDER BY "schema_migrations"."version" ASC[0m
Processing by UsersController#index as */*
  Parameters: {"user"=>{"id"=>"17"}}
  [1m[36mUser Load (2.1ms)[0m  [1m[34mSELECT "users".* FROM "users"[0m
  ↳ app/controllers/users_controller.rb:5:in `index'
Completed 200 OK in 155ms (Views: 47.3ms | ActiveRecord: 9.1ms | Allocations: 6168)


Started DELETE "/users" for ::1 at 2022-12-14 16:27:38 -0500
  
ActionController::RoutingError (No route matches [DELETE] "/users"):
  
Started GET "/" for ::1 at 2022-12-14 16:28:17 -0500
Processing by Rails::WelcomeController#index as HTML
  Rendering /home/kliu33/.rbenv/versions/3.1.1/lib/ruby/gems/3.1.0/gems/railties-7.0.4/lib/rails/templates/rails/welcome/index.html.erb
  Rendered /home/kliu33/.rbenv/versions/3.1.1/lib/ruby/gems/3.1.0/gems/railties-7.0.4/lib/rails/templates/rails/welcome/index.html.erb (Duration: 1.6ms | Allocations: 285)
Completed 200 OK in 14ms (Views: 12.4ms | ActiveRecord: 0.0ms | Allocations: 1058)


Started GET "/users" for ::1 at 2022-12-14 16:28:21 -0500
Processing by UsersController#index as HTML
  [1m[36mUser Load (0.6ms)[0m  [1m[34mSELECT "users".* FROM "users"[0m
  ↳ app/controllers/users_controller.rb:5:in `index'
Completed 200 OK in 5ms (Views: 4.1ms | ActiveRecord: 0.6ms | Allocations: 929)


Started GET "/users/17" for ::1 at 2022-12-14 16:28:36 -0500

AbstractController::ActionNotFound - The action 'show' could not be found for UsersController:

Started POST "/__better_errors/5c93938f6c445134/variables" for ::1 at 2022-12-14 16:28:36 -0500
Started POST "/users" for ::1 at 2022-12-14 16:29:50 -0500
Processing by UsersController#create as */*
  Parameters: {"user"=>{"name"=>"Kevin", "email"=>"asd@adssa.com"}}
Completed 500 Internal Server Error in 97283ms (ActiveRecord: 0.0ms | Allocations: 114367)



SystemExit - exit:
  (byebug):1:in `create'
  app/controllers/users_controller.rb:10:in `create'

Started DELETE "/users" for ::1 at 2022-12-14 16:32:51 -0500
  [1m[36mActiveRecord::SchemaMigration Pluck (1.3ms)[0m  [1m[34mSELECT "schema_migrations"."version" FROM "schema_migrations" ORDER BY "schema_migrations"."version" ASC[0m
  
ActionController::RoutingError (No route matches [DELETE] "/users"):
  
Started DELETE "/users" for ::1 at 2022-12-14 16:37:03 -0500
  [1m[36mActiveRecord::SchemaMigration Pluck (1.1ms)[0m  [1m[34mSELECT "schema_migrations"."version" FROM "schema_migrations" ORDER BY "schema_migrations"."version" ASC[0m
  
ActionController::RoutingError (No route matches [DELETE] "/users"):
  
Started DELETE "/users/:id" for ::1 at 2022-12-14 16:37:13 -0500
Processing by UsersController#destroy as */*
  Parameters: {"user"=>{"id"=>"17"}, "id"=>":id"}
Completed   in 101263ms (ActiveRecord: 0.0ms | Allocations: 83813)


Started DELETE "/users/:id" for ::1 at 2022-12-14 16:39:52 -0500
  [1m[36mActiveRecord::SchemaMigration Pluck (1.1ms)[0m  [1m[34mSELECT "schema_migrations"."version" FROM "schema_migrations" ORDER BY "schema_migrations"."version" ASC[0m
Processing by UsersController#destroy as */*
  Parameters: {"user"=>{"id"=>"17"}, "id"=>":id"}
  [1m[36mUser Load (0.7ms)[0m  [1m[34mSELECT "users".* FROM "users" WHERE "users"."id" = $1 LIMIT $2[0m  [["id", nil], ["LIMIT", 1]]
  ↳ app/controllers/users_controller.rb:19:in `destroy'
Completed 404 Not Found in 192ms (ActiveRecord: 9.4ms | Allocations: 5667)



ActiveRecord::RecordNotFound - Couldn't find User with 'id'=:id:
  app/controllers/users_controller.rb:19:in `destroy'

Started GET "/users" for ::1 at 2022-12-14 16:40:41 -0500
Processing by UsersController#index as */*
  Parameters: {"user"=>{"id"=>"17"}}
  [1m[36mUser Load (0.5ms)[0m  [1m[34mSELECT "users".* FROM "users"[0m
  ↳ app/controllers/users_controller.rb:5:in `index'
Completed 200 OK in 45ms (Views: 43.3ms | ActiveRecord: 0.5ms | Allocations: 4598)


Started DELETE "/users/:id" for ::1 at 2022-12-14 16:41:23 -0500
  [1m[36mActiveRecord::SchemaMigration Pluck (1.2ms)[0m  [1m[34mSELECT "schema_migrations"."version" FROM "schema_migrations" ORDER BY "schema_migrations"."version" ASC[0m
Processing by UsersController#destroy as */*
  Parameters: {"user"=>{"id"=>"17"}, "id"=>":id"}
  [1m[36mUser Load (0.7ms)[0m  [1m[34mSELECT "users".* FROM "users" WHERE "users"."id" = $1 LIMIT $2[0m  [["id", nil], ["LIMIT", 1]]
  ↳ app/controllers/users_controller.rb:19:in `destroy'
Completed 404 Not Found in 181ms (ActiveRecord: 12.6ms | Allocations: 5662)



ActiveRecord::RecordNotFound - Couldn't find User with 'id'=:id:
  app/controllers/users_controller.rb:19:in `destroy'

Started DELETE "/users/:id" for ::1 at 2022-12-14 16:42:19 -0500
  [1m[36mActiveRecord::SchemaMigration Pluck (1.1ms)[0m  [1m[34mSELECT "schema_migrations"."version" FROM "schema_migrations" ORDER BY "schema_migrations"."version" ASC[0m
Processing by UsersController#destroy as */*
  Parameters: {"user"=>{"id"=>"17"}, "id"=>":id"}
  [1m[36mUser Load (0.7ms)[0m  [1m[34mSELECT "users".* FROM "users" WHERE "users"."id" = $1 LIMIT $2[0m  [["id", nil], ["LIMIT", 1]]
  ↳ app/controllers/users_controller.rb:19:in `destroy'
Completed 404 Not Found in 178ms (ActiveRecord: 8.4ms | Allocations: 5666)



ActiveRecord::RecordNotFound - Couldn't find User with 'id'=:id:
  app/controllers/users_controller.rb:19:in `destroy'

Started DELETE "/users/:id" for ::1 at 2022-12-14 16:43:04 -0500
  [1m[36mActiveRecord::SchemaMigration Pluck (1.0ms)[0m  [1m[34mSELECT "schema_migrations"."version" FROM "schema_migrations" ORDER BY "schema_migrations"."version" ASC[0m
Processing by UsersController#destroy as */*
  Parameters: {"user"=>{"id"=>"17"}, "id"=>":id"}
  [1m[36mUser Load (2.8ms)[0m  [1m[34mSELECT "users".* FROM "users" WHERE "users"."id" = $1 LIMIT $2[0m  [["id", 17], ["LIMIT", 1]]
  ↳ app/controllers/users_controller.rb:19:in `destroy'
  [1m[36mTRANSACTION (1.3ms)[0m  [1m[35mBEGIN[0m
  ↳ app/controllers/users_controller.rb:20:in `destroy'
  [1m[36mUser Destroy (8.8ms)[0m  [1m[31mDELETE FROM "users" WHERE "users"."id" = $1[0m  [["id", 17]]
  ↳ app/controllers/users_controller.rb:20:in `destroy'
  [1m[36mTRANSACTION (8.4ms)[0m  [1m[35mCOMMIT[0m
  ↳ app/controllers/users_controller.rb:20:in `destroy'
Completed 200 OK in 240ms (Views: 1.0ms | ActiveRecord: 32.1ms | Allocations: 10695)


Started POST "/users" for ::1 at 2022-12-14 16:45:05 -0500
  [1m[36mActiveRecord::SchemaMigration Pluck (1.2ms)[0m  [1m[34mSELECT "schema_migrations"."version" FROM "schema_migrations" ORDER BY "schema_migrations"."version" ASC[0m
Processing by UsersController#create as */*
  Parameters: {"user"=>{"name"=>"Kevin", "email"=>"asd@adssa.com"}}
  [1m[36mTRANSACTION (0.3ms)[0m  [1m[35mBEGIN[0m
  ↳ app/controllers/users_controller.rb:11:in `create'
  [1m[36mUser Create (6.9ms)[0m  [1m[32mINSERT INTO "users" ("name", "email", "created_at", "updated_at") VALUES ($1, $2, $3, $4) RETURNING "id"[0m  [["name", "Kevin"], ["email", "asd@adssa.com"], ["created_at", "2022-12-14 21:45:16.381595"], ["updated_at", "2022-12-14 21:45:16.381595"]]
  ↳ app/controllers/users_controller.rb:11:in `create'
  [1m[36mTRANSACTION (8.8ms)[0m  [1m[35mCOMMIT[0m
  ↳ app/controllers/users_controller.rb:11:in `create'
Redirected to http://localhost:3000/users/18
Completed 302 Found in 8914ms (ActiveRecord: 23.7ms | Allocations: 91089)


Started POST "/users/18" for ::1 at 2022-12-14 16:45:16 -0500
  
ActionController::RoutingError (No route matches [POST] "/users/18"):
  
Started DELETE "/users/18" for ::1 at 2022-12-14 16:46:12 -0500
  [1m[36mActiveRecord::SchemaMigration Pluck (1.9ms)[0m  [1m[34mSELECT "schema_migrations"."version" FROM "schema_migrations" ORDER BY "schema_migrations"."version" ASC[0m
Processing by UsersController#destroy as */*
  Parameters: {"id"=>"18"}
  [1m[36mUser Load (1.1ms)[0m  [1m[34mSELECT "users".* FROM "users" WHERE "users"."id" = $1 LIMIT $2[0m  [["id", 18], ["LIMIT", 1]]
  ↳ app/controllers/users_controller.rb:18:in `destroy'
  [1m[36mTRANSACTION (0.5ms)[0m  [1m[35mBEGIN[0m
  ↳ app/controllers/users_controller.rb:19:in `destroy'
  [1m[36mUser Destroy (7.0ms)[0m  [1m[31mDELETE FROM "users" WHERE "users"."id" = $1[0m  [["id", 18]]
  ↳ app/controllers/users_controller.rb:19:in `destroy'
  [1m[36mTRANSACTION (4.1ms)[0m  [1m[35mCOMMIT[0m
  ↳ app/controllers/users_controller.rb:19:in `destroy'
Completed 200 OK in 213ms (Views: 1.2ms | ActiveRecord: 21.2ms | Allocations: 10729)


Started POST "/users" for ::1 at 2022-12-14 16:47:21 -0500
  [1m[36mActiveRecord::SchemaMigration Pluck (1.1ms)[0m  [1m[34mSELECT "schema_migrations"."version" FROM "schema_migrations" ORDER BY "schema_migrations"."version" ASC[0m
Processing by UsersController#create as */*
  Parameters: {"user"=>{"name"=>"Kevin", "email"=>"asd@adssa.com"}}
  [1m[36mTRANSACTION (0.4ms)[0m  [1m[35mBEGIN[0m
  ↳ app/controllers/users_controller.rb:10:in `create'
  [1m[36mUser Create (1.6ms)[0m  [1m[32mINSERT INTO "users" ("name", "email", "created_at", "updated_at") VALUES ($1, $2, $3, $4) RETURNING "id"[0m  [["name", "Kevin"], ["email", "asd@adssa.com"], ["created_at", "2022-12-14 21:47:23.707957"], ["updated_at", "2022-12-14 21:47:23.707957"]]
  ↳ app/controllers/users_controller.rb:10:in `create'
  [1m[36mTRANSACTION (11.3ms)[0m  [1m[35mCOMMIT[0m
  ↳ app/controllers/users_controller.rb:10:in `create'
Completed 200 OK in 218ms (Views: 1.3ms | ActiveRecord: 19.3ms | Allocations: 8925)


Started DELETE "/users/19" for ::1 at 2022-12-14 16:47:32 -0500
Processing by UsersController#destroy as */*
  Parameters: {"user"=>{"name"=>"Kevin", "email"=>"asd@adssa.com"}, "id"=>"19"}
  [1m[36mUser Load (0.8ms)[0m  [1m[34mSELECT "users".* FROM "users" WHERE "users"."id" = $1 LIMIT $2[0m  [["id", 19], ["LIMIT", 1]]
  ↳ app/controllers/users_controller.rb:18:in `destroy'
  [1m[36mTRANSACTION (0.3ms)[0m  [1m[35mBEGIN[0m
  ↳ app/controllers/users_controller.rb:19:in `destroy'
  [1m[36mUser Destroy (5.6ms)[0m  [1m[31mDELETE FROM "users" WHERE "users"."id" = $1[0m  [["id", 19]]
  ↳ app/controllers/users_controller.rb:19:in `destroy'
  [1m[36mTRANSACTION (4.9ms)[0m  [1m[35mCOMMIT[0m
  ↳ app/controllers/users_controller.rb:19:in `destroy'
Completed 200 OK in 57ms (Views: 0.6ms | ActiveRecord: 13.2ms | Allocations: 5322)


  [1m[35m (158.3ms)[0m  [1m[35mCREATE DATABASE "routes_controllers_development" ENCODING = 'unicode'[0m
  [1m[35m (61.9ms)[0m  [1m[35mCREATE DATABASE "routes_controllers_test" ENCODING = 'unicode'[0m
Started POST "/users?user[name]=rex&user[email]=rex@rex.rex" for ::1 at 2022-12-14 16:58:31 -0500
  [1m[35m (10.5ms)[0m  [1m[35mCREATE TABLE "schema_migrations" ("version" character varying NOT NULL PRIMARY KEY)[0m
  [1m[35m (18.9ms)[0m  [1m[35mCREATE TABLE "ar_internal_metadata" ("key" character varying NOT NULL PRIMARY KEY, "value" character varying, "created_at" timestamp(6) NOT NULL, "updated_at" timestamp(6) NOT NULL)[0m
  [1m[36mActiveRecord::SchemaMigration Pluck (0.5ms)[0m  [1m[34mSELECT "schema_migrations"."version" FROM "schema_migrations" ORDER BY "schema_migrations"."version" ASC[0m

ActiveRecord::PendingMigrationError - Migrations are pending. To resolve this issue, run:
        bin/rails db:migrate RAILS_ENV=development
You have 1 pending migration:
20221214195216_create_users.rb:

  [1m[36mActiveRecord::SchemaMigration Pluck (0.6ms)[0m  [1m[34mSELECT "schema_migrations"."version" FROM "schema_migrations" ORDER BY "schema_migrations"."version" ASC[0m
  [1m[35m (0.2ms)[0m  [1m[34mSELECT pg_try_advisory_lock(642293562874849410)[0m
  [1m[36mActiveRecord::SchemaMigration Pluck (0.3ms)[0m  [1m[34mSELECT "schema_migrations"."version" FROM "schema_migrations" ORDER BY "schema_migrations"."version" ASC[0m
Migrating to CreateUsers (20221214195216)
  [1m[36mTRANSACTION (0.2ms)[0m  [1m[35mBEGIN[0m
  [1m[35m (4.0ms)[0m  [1m[35mCREATE TABLE "users" ("id" bigserial primary key, "name" character varying NOT NULL, "email" character varying NOT NULL, "created_at" timestamp(6) NOT NULL, "updated_at" timestamp(6) NOT NULL)[0m
  [1m[36mActiveRecord::SchemaMigration Create (0.5ms)[0m  [1m[32mINSERT INTO "schema_migrations" ("version") VALUES ($1) RETURNING "version"[0m  [["version", "20221214195216"]]
  [1m[36mTRANSACTION (1.0ms)[0m  [1m[35mCOMMIT[0m
  [1m[36mActiveRecord::InternalMetadata Load (0.3ms)[0m  [1m[34mSELECT "ar_internal_metadata".* FROM "ar_internal_metadata" WHERE "ar_internal_metadata"."key" = $1 LIMIT $2[0m  [["key", "environment"], ["LIMIT", 1]]
  [1m[36mTRANSACTION (0.2ms)[0m  [1m[35mBEGIN[0m
  [1m[36mActiveRecord::InternalMetadata Create (0.6ms)[0m  [1m[32mINSERT INTO "ar_internal_metadata" ("key", "value", "created_at", "updated_at") VALUES ($1, $2, $3, $4) RETURNING "key"[0m  [["key", "environment"], ["value", "development"], ["created_at", "2022-12-14 21:59:24.317467"], ["updated_at", "2022-12-14 21:59:24.317467"]]
  [1m[36mTRANSACTION (0.9ms)[0m  [1m[35mCOMMIT[0m
  [1m[35m (0.4ms)[0m  [1m[34mSELECT pg_advisory_unlock(642293562874849410)[0m
  [1m[36mActiveRecord::SchemaMigration Pluck (0.6ms)[0m  [1m[34mSELECT "schema_migrations"."version" FROM "schema_migrations" ORDER BY "schema_migrations"."version" ASC[0m
Started POST "/users?user[name]=rex&user[email]=rex@rex.rex" for ::1 at 2022-12-14 16:59:41 -0500
  [1m[36mActiveRecord::SchemaMigration Pluck (0.5ms)[0m  [1m[34mSELECT "schema_migrations"."version" FROM "schema_migrations" ORDER BY "schema_migrations"."version" ASC[0m
Processing by UsersController#create as */*
  Parameters: {"user"=>{"name"=>"rex", "email"=>"rex@rex.rex"}}
  [1m[36mTRANSACTION (0.2ms)[0m  [1m[35mBEGIN[0m
  ↳ app/controllers/users_controller.rb:10:in `create'
  [1m[36mUser Create (0.5ms)[0m  [1m[32mINSERT INTO "users" ("name", "email", "created_at", "updated_at") VALUES ($1, $2, $3, $4) RETURNING "id"[0m  [["name", "rex"], ["email", "rex@rex.rex"], ["created_at", "2022-12-14 21:59:42.995691"], ["updated_at", "2022-12-14 21:59:42.995691"]]
  ↳ app/controllers/users_controller.rb:10:in `create'
  [1m[36mTRANSACTION (1.1ms)[0m  [1m[35mCOMMIT[0m
  ↳ app/controllers/users_controller.rb:10:in `create'
Completed 200 OK in 129ms (Views: 0.4ms | ActiveRecord: 5.9ms | Allocations: 8909)


Started GET "/users" for ::1 at 2022-12-14 17:00:09 -0500
Processing by UsersController#index as */*
  [1m[36mUser Load (0.6ms)[0m  [1m[34mSELECT "users".* FROM "users"[0m
  ↳ app/controllers/users_controller.rb:5:in `index'
Completed 200 OK in 6ms (Views: 4.8ms | ActiveRecord: 0.6ms | Allocations: 1134)


Started GET "/users/1" for ::1 at 2022-12-14 17:00:27 -0500
Processing by UsersController#show as */*
  Parameters: {"id"=>"1"}
Completed 500 Internal Server Error in 1ms (ActiveRecord: 0.0ms | Allocations: 649)



ArgumentError - When assigning attributes, you must pass a hash as an argument, String passed.:
  app/controllers/users_controller.rb:18:in `show'

Started GET "/users/1" for ::1 at 2022-12-14 17:01:26 -0500
  [1m[36mActiveRecord::SchemaMigration Pluck (0.9ms)[0m  [1m[34mSELECT "schema_migrations"."version" FROM "schema_migrations" ORDER BY "schema_migrations"."version" ASC[0m
Processing by UsersController#show as */*
  Parameters: {"id"=>"1"}
  [1m[36mUser Load (0.6ms)[0m  [1m[34mSELECT "users".* FROM "users" WHERE "users"."id" = $1 LIMIT $2[0m  [["id", 1], ["LIMIT", 1]]
  ↳ app/controllers/users_controller.rb:18:in `show'
Completed 200 OK in 196ms (Views: 0.4ms | ActiveRecord: 5.1ms | Allocations: 9000)


Started POST "/users?user[name]=zahi&user[email]=zahi@zahi.zahi" for ::1 at 2022-12-14 17:02:38 -0500
Processing by UsersController#create as */*
  Parameters: {"user"=>{"name"=>"zahi", "email"=>"zahi@zahi.zahi"}}
  [1m[36mTRANSACTION (0.4ms)[0m  [1m[35mBEGIN[0m
  ↳ app/controllers/users_controller.rb:10:in `create'
  [1m[36mUser Create (0.5ms)[0m  [1m[32mINSERT INTO "users" ("name", "email", "created_at", "updated_at") VALUES ($1, $2, $3, $4) RETURNING "id"[0m  [["name", "zahi"], ["email", "zahi@zahi.zahi"], ["created_at", "2022-12-14 22:02:38.464100"], ["updated_at", "2022-12-14 22:02:38.464100"]]
  ↳ app/controllers/users_controller.rb:10:in `create'
  [1m[36mTRANSACTION (1.0ms)[0m  [1m[35mCOMMIT[0m
  ↳ app/controllers/users_controller.rb:10:in `create'
Completed 200 OK in 10ms (Views: 0.2ms | ActiveRecord: 1.8ms | Allocations: 3663)


Started POST "/users?user[name]=zahi&user[email]=zahi@zahi.zahi" for ::1 at 2022-12-14 17:02:40 -0500
Processing by UsersController#create as */*
  Parameters: {"user"=>{"name"=>"zahi", "email"=>"zahi@zahi.zahi"}}
  [1m[36mTRANSACTION (0.9ms)[0m  [1m[35mBEGIN[0m
  ↳ app/controllers/users_controller.rb:10:in `create'
  [1m[36mUser Create (0.5ms)[0m  [1m[32mINSERT INTO "users" ("name", "email", "created_at", "updated_at") VALUES ($1, $2, $3, $4) RETURNING "id"[0m  [["name", "zahi"], ["email", "zahi@zahi.zahi"], ["created_at", "2022-12-14 22:02:40.547563"], ["updated_at", "2022-12-14 22:02:40.547563"]]
  ↳ app/controllers/users_controller.rb:10:in `create'
  [1m[36mTRANSACTION (2.1ms)[0m  [1m[35mCOMMIT[0m
  ↳ app/controllers/users_controller.rb:10:in `create'
Completed 200 OK in 13ms (Views: 0.4ms | ActiveRecord: 3.5ms | Allocations: 1984)


Started POST "/users?user[name]=zahi&user[email]=zahi@zahi.zahi" for ::1 at 2022-12-14 17:02:42 -0500
Processing by UsersController#create as */*
  Parameters: {"user"=>{"name"=>"zahi", "email"=>"zahi@zahi.zahi"}}
  [1m[36mTRANSACTION (0.3ms)[0m  [1m[35mBEGIN[0m
  ↳ app/controllers/users_controller.rb:10:in `create'
  [1m[36mUser Create (0.7ms)[0m  [1m[32mINSERT INTO "users" ("name", "email", "created_at", "updated_at") VALUES ($1, $2, $3, $4) RETURNING "id"[0m  [["name", "zahi"], ["email", "zahi@zahi.zahi"], ["created_at", "2022-12-14 22:02:42.417196"], ["updated_at", "2022-12-14 22:02:42.417196"]]
  ↳ app/controllers/users_controller.rb:10:in `create'
  [1m[36mTRANSACTION (1.9ms)[0m  [1m[35mCOMMIT[0m
  ↳ app/controllers/users_controller.rb:10:in `create'
Completed 200 OK in 15ms (Views: 0.4ms | ActiveRecord: 3.0ms | Allocations: 1983)


Started GET "/users/1" for ::1 at 2022-12-14 17:02:58 -0500
Processing by UsersController#show as */*
  Parameters: {"id"=>"1"}
  [1m[36mUser Load (0.5ms)[0m  [1m[34mSELECT "users".* FROM "users" WHERE "users"."id" = $1 LIMIT $2[0m  [["id", 1], ["LIMIT", 1]]
  ↳ app/controllers/users_controller.rb:18:in `show'
Completed 200 OK in 7ms (Views: 0.5ms | ActiveRecord: 0.5ms | Allocations: 659)


Started DELETE "/users/1" for ::1 at 2022-12-14 17:03:11 -0500
Processing by UsersController#destroy as */*
  Parameters: {"id"=>"1"}
  [1m[36mUser Load (0.8ms)[0m  [1m[34mSELECT "users".* FROM "users" WHERE "users"."id" = $1 LIMIT $2[0m  [["id", 1], ["LIMIT", 1]]
  ↳ app/controllers/users_controller.rb:23:in `destroy'
  [1m[36mTRANSACTION (0.5ms)[0m  [1m[35mBEGIN[0m
  ↳ app/controllers/users_controller.rb:24:in `destroy'
  [1m[36mUser Destroy (0.8ms)[0m  [1m[31mDELETE FROM "users" WHERE "users"."id" = $1[0m  [["id", 1]]
  ↳ app/controllers/users_controller.rb:24:in `destroy'
  [1m[36mTRANSACTION (2.9ms)[0m  [1m[35mCOMMIT[0m
  ↳ app/controllers/users_controller.rb:24:in `destroy'
Completed 200 OK in 20ms (Views: 0.5ms | ActiveRecord: 4.9ms | Allocations: 2202)


Started GET "/users" for ::1 at 2022-12-14 17:03:22 -0500
Processing by UsersController#index as */*
  [1m[36mUser Load (0.6ms)[0m  [1m[34mSELECT "users".* FROM "users"[0m
  ↳ app/controllers/users_controller.rb:5:in `index'
Completed 200 OK in 6ms (Views: 4.7ms | ActiveRecord: 0.6ms | Allocations: 1020)


Started PATCH "/users/2/?user[name]=rex&user[email]=rex@rex.rex" for ::1 at 2022-12-14 17:07:14 -0500
  [1m[36mActiveRecord::SchemaMigration Pluck (0.4ms)[0m  [1m[34mSELECT "schema_migrations"."version" FROM "schema_migrations" ORDER BY "schema_migrations"."version" ASC[0m
Processing by UsersController#update as */*
  Parameters: {"user"=>{"name"=>"rex", "email"=>"rex@rex.rex"}, "id"=>"2"}
  [1m[36mUser Load (0.4ms)[0m  [1m[34mSELECT "users".* FROM "users" WHERE "users"."id" = $1 LIMIT $2[0m  [["id", 2], ["LIMIT", 1]]
  ↳ app/controllers/users_controller.rb:23:in `update'
  [1m[36mTRANSACTION (0.2ms)[0m  [1m[35mBEGIN[0m
  ↳ app/controllers/users_controller.rb:24:in `update'
  [1m[36mUser Update (0.4ms)[0m  [1m[33mUPDATE "users" SET "name" = $1, "email" = $2, "updated_at" = $3 WHERE "users"."id" = $4[0m  [["name", "rex"], ["email", "rex@rex.rex"], ["updated_at", "2022-12-14 22:07:17.078574"], ["id", 2]]
  ↳ app/controllers/users_controller.rb:24:in `update'
  [1m[36mTRANSACTION (2.7ms)[0m  [1m[35mCOMMIT[0m
  ↳ app/controllers/users_controller.rb:24:in `update'
Completed 200 OK in 190ms (Views: 0.4ms | ActiveRecord: 7.9ms | Allocations: 12414)


Started GET "/users" for ::1 at 2022-12-14 17:07:35 -0500
Processing by UsersController#index as */*
  [1m[36mUser Load (0.6ms)[0m  [1m[34mSELECT "users".* FROM "users"[0m
  ↳ app/controllers/users_controller.rb:5:in `index'
Completed 200 OK in 6ms (Views: 5.1ms | ActiveRecord: 0.6ms | Allocations: 1166)


